#
# A fatal error has been detected by the Java Runtime Environment:
#
#  EXCEPTION_ACCESS_VIOLATION (0xc0000005) at pc=0x00007ffa71774173, pid=21956, tid=19660
#
# JRE version: Java(TM) SE Runtime Environment (17.0.12+8) (build 17.0.12+8-LTS-286)
# Java VM: Java HotSpot(TM) 64-Bit Server VM (17.0.12+8-LTS-286, mixed mode, sharing, tiered, compressed oops, compressed class ptrs, g1 gc, windows-amd64)
# Problematic frame:
# V  [jvm.dll+0x304173]
#
# No core dump will be written. Minidumps are not enabled by default on client versions of Windows
#
# If you would like to submit a bug report, please visit:
#   https://bugreport.java.com/bugreport/crash.jsp
#

---------------  S U M M A R Y ------------

Command Line: --add-opens=java.base/java.lang=ALL-UNNAMED --add-opens=java.base/java.lang.invoke=ALL-UNNAMED --add-opens=java.base/java.util=ALL-UNNAMED --add-opens=java.prefs/java.util.prefs=ALL-UNNAMED --add-exports=jdk.compiler/com.sun.tools.javac.api=ALL-UNNAMED --add-exports=jdk.compiler/com.sun.tools.javac.util=ALL-UNNAMED --add-opens=java.base/java.util=ALL-UNNAMED --add-opens=java.prefs/java.util.prefs=ALL-UNNAMED --add-opens=java.base/java.nio.charset=ALL-UNNAMED --add-opens=java.base/java.net=ALL-UNNAMED --add-opens=java.base/java.util.concurrent.atomic=ALL-UNNAMED --add-opens=java.xml/javax.xml.namespace=ALL-UNNAMED -XX:MaxMetaspaceSize=384m -XX:+HeapDumpOnOutOfMemoryError -Xms256m -Xmx512m -Dfile.encoding=UTF-8 -Duser.country=KR -Duser.language=ko -Duser.variant -javaagent:C:\Users\PC\.gradle\wrapper\dists\gradle-8.14.3-bin\cv11ve7ro1n3o1j4so8xd9n66\gradle-8.14.3\lib\agents\gradle-instrumentation-agent-8.14.3.jar org.gradle.launcher.daemon.bootstrap.GradleDaemon 8.14.3

Host: 12th Gen Intel(R) Core(TM) i5-12400F, 12 cores, 31G,  Windows 11 , 64 bit Build 26100 (10.0.26100.5074)
Time: Fri Jan  2 14:25:36 2026  Windows 11 , 64 bit Build 26100 (10.0.26100.5074) elapsed time: 19215.038722 seconds (0d 5h 20m 15s)

---------------  T H R E A D  ---------------

Current thread (0x000001f453abc1e0):  GCTaskThread "GC Thread#7" [stack: 0x0000005173200000,0x0000005173300000] [id=19660]

Stack: [0x0000005173200000,0x0000005173300000],  sp=0x00000051732ff6b0,  free space=1021k
Native frames: (J=compiled Java code, j=interpreted, Vv=VM code, C=native code)
V  [jvm.dll+0x304173]
V  [jvm.dll+0x304c42]
V  [jvm.dll+0x30190e]
V  [jvm.dll+0x310113]
V  [jvm.dll+0x311f2b]
V  [jvm.dll+0x31070d]
V  [jvm.dll+0x311ada]
V  [jvm.dll+0x2dc663]
V  [jvm.dll+0x2ddf0b]
V  [jvm.dll+0x80832b]
V  [jvm.dll+0x808376]
V  [jvm.dll+0x78abea]
V  [jvm.dll+0x678f35]
C  [ucrtbase.dll+0x37b0]
C  [KERNEL32.DLL+0x2e8d7]
C  [ntdll.dll+0x8d9c]


siginfo: EXCEPTION_ACCESS_VIOLATION (0xc0000005), reading address 0x00007ffa72f12088


Registers:
RAX=0x0000000000200020, RBX=0x0000000000000001, RCX=0x000001f4556185d0, RDX=0x00000000e4308580
RSP=0x00000051732ff6b0, RBP=0x0000000000000002, RSI=0x00000000e4308580, RDI=0x00000000e918cd90
R8 =0x000001f4371184a8, R9 =0x00007ffa71470000, R10=0x00000000e918cd90, R11=0x0000000000000001
R12=0x0000000000000001, R13=0x0000000000000000, R14=0x000001f455618450, R15=0x000001f4371184a8
RIP=0x00007ffa71774173, EFLAGS=0x0000000000010202


Register to memory mapping:

RIP=0x00007ffa71774173 jvm.dll
RAX=0x0000000000200020 is an unknown value
RBX=0x0000000000000001 is an unknown value
RCX=0x000001f4556185d0 points into unknown readable memory: 0x00007ffa71d6ef60 | 60 ef d6 71 fa 7f 00 00
RDX=
[error occurred during error reporting (printing register info), id 0xc0000005, EXCEPTION_ACCESS_VIOLATION (0xc0000005) at pc=0x00007ffa7174058d]

Top of Stack: (sp=0x00000051732ff6b0)
0x00000051732ff6b0:   0000000000000001 00000000e918cd78
0x00000051732ff6c0:   0000000000000002 0000000000000002
0x00000051732ff6d0:   00000000e40395f4 00007ffa71772389
0x00000051732ff6e0:   0000000000000011 000001f41aa171f0
0x00000051732ff6f0:   00000000e0800f88 00007ffa7177a162
0x00000051732ff700:   000001f4556185d0 0000000000000000
0x00000051732ff710:   0000000000000040 000001f41a96f960
0x00000051732ff720:   00000051732ff9b0 000001f455618450
0x00000051732ff730:   00000000e430855c 00000000000018db
0x00000051732ff740:   00000000e430855d 00007ffa71774c42
0x00000051732ff750:   00000000e9110000 0000000000000100
0x00000051732ff760:   000001f400000000 0000000000000011
0x00000051732ff770:   000001f43187dde0 0000000000000001
0x00000051732ff780:   0000000000000040 00000051732ff9b0
0x00000051732ff790:   00000000e3bbea00 00007ffa7177190e
0x00000051732ff7a0:   00000000e3bbc800 000001f455618450 

Instructions: (pc=0x00007ffa71774173)
0x00007ffa71774073:   c8 81 e1 ff ff 01 00 81 f9 fe ff 01 00 73 1b 48
0x00007ffa71774083:   8b 87 80 01 00 00 48 89 1c d0 8d 42 01 25 ff ff
0x00007ffa71774093:   01 00 89 87 80 00 00 00 eb 35 48 8b 8f a0 02 00
0x00007ffa717740a3:   00 48 3b 8f 88 02 00 00 75 0f 48 8d 8f 80 02 00
0x00007ffa717740b3:   00 e8 e7 86 f4 ff 49 8b cd 48 8b 87 b8 02 00 00
0x00007ffa717740c3:   48 89 1c c8 48 8d 41 01 48 89 87 a0 02 00 00 48
0x00007ffa717740d3:   83 ed 01 75 88 0f b6 9c 24 a9 00 00 00 84 db 49
0x00007ffa717740e3:   8d 96 80 01 00 00 45 8b cf 48 8b ce 41 0f 94 c5
0x00007ffa717740f3:   45 33 c0 45 89 ae a0 01 00 00 e8 2e e7 ff ff eb
0x00007ffa71774103:   77 4c 3b 3d 55 f9 81 00 75 41 44 38 ac 24 a0 00
0x00007ffa71774113:   00 00 75 37 0f b7 84 24 a8 00 00 00 66 c1 e8 08
0x00007ffa71774123:   84 c0 75 0b 3b 2d 3b f9 81 00 0f 94 c0 eb 09 3b
0x00007ffa71774133:   2d 34 f9 81 00 0f 92 c0 84 c0 74 0f 49 8d 8e f8
0x00007ffa71774143:   01 00 00 48 8b d7 e8 c2 04 40 00 84 db 49 8d 8e
0x00007ffa71774153:   80 01 00 00 4d 8b c7 4c 8d 0d 9f be cf ff 41 0f
0x00007ffa71774163:   94 c5 48 8b d6 45 89 ae a0 01 00 00 49 63 47 0c
0x00007ffa71774173:   41 ff 94 c1 88 1f aa 00 48 8b c6 48 83 c4 58 41
0x00007ffa71774183:   5f 41 5e 41 5d 41 5c 5f 5e 5d 5b c3 90 45 3f 30
0x00007ffa71774193:   00 2f 3f 30 00 27 3f 30 00 1f 3f 30 00 17 3f 30
0x00007ffa717741a3:   00 0f 3f 30 00 07 3f 30 00 ff 3e 30 00 f7 3e 30
0x00007ffa717741b3:   00 cc cc cc cc cc cc cc cc cc cc cc cc 48 89 5c
0x00007ffa717741c3:   24 18 55 41 56 41 57 48 83 ec 20 4c 8b 32 48 8b
0x00007ffa717741d3:   da 80 3d 06 4e 80 00 00 48 8b e9 74 0f 41 0f b6
0x00007ffa717741e3:   c6 24 07 3c 05 75 05 45 33 f6 eb 04 49 83 e6 fc
0x00007ffa717741f3:   44 8b 89 ec 01 00 00 41 b8 0c 00 00 00 0f b6 05
0x00007ffa71774203:   51 4d 80 00 b9 10 00 00 00 84 c0 8b d1 41 0f 45
0x00007ffa71774213:   c8 41 0f 45 d0 8b 04 19 41 8b c9 f0 42 0f c1 0c
0x00007ffa71774223:   32 44 8b 95 f4 01 00 00 2b c1 99 44 8b f9 41 f7
0x00007ffa71774233:   f9 44 8b c0 8b c1 99 41 8d 4a ff 41 f7 f9 8b 95
0x00007ffa71774243:   f0 01 00 00 0f af c1 41 8b c8 ff c0 41 3b c0 0f
0x00007ffa71774253:   42 c8 8d 42 01 3b ca 0f 42 d1 44 3b c0 41 0f 42
0x00007ffa71774263:   c0 2b c2 44 3b d0 41 0f 42 c2 85 c0 0f 84 9c 00 


Stack slot to memory mapping:
stack at sp + 0 slots: 0x0000000000000001 is an unknown value
stack at sp + 1 slots: 0x00000000e918cd78 is an oop: com.google.common.collect.ImmutableMapEntry 
{0x00000000e918cd78} - klass: 'com/google/common/collect/ImmutableMapEntry'
 - ---- fields (total size 3 words):
 - final 'key' 'Ljava/lang/Object;' @12  "org.gradle.category"{0x00000000e08bc1c0} (e08bc1c0)
 - final 'value' 'Ljava/lang/Object;' @16  a 'org/gradle/api/internal/attributes/DefaultImmutableAttributesContainer'{0x00000000e918c910} (e918c910)
stack at sp + 2 slots: 0x0000000000000002 is an unknown value
stack at sp + 3 slots: 0x0000000000000002 is an unknown value
stack at sp + 4 slots: 0x00000000e40395f4 is pointing into object: [Ljava.util.concurrent.ConcurrentHashMap$Node; 
{0x00000000e4039298} - klass: 'java/util/concurrent/ConcurrentHashMap$Node'[]
 - length: 512
stack at sp + 5 slots: 0x00007ffa71772389 jvm.dll
stack at sp + 6 slots: 0x0000000000000011 is an unknown value
stack at sp + 7 slots: 0x000001f41aa171f0 points into unknown readable memory: 0x00000000e9100000 | 00 00 10 e9 00 00 00 00


---------------  P R O C E S S  ---------------

Threads class SMR info:
_java_thread_list=0x000001f455b624a0, length=90, elements={
0x000001f41a9580f0, 0x000001f4356a20e0, 0x000001f4356a2bb0, 0x000001f4356ce940,
0x000001f4356cf310, 0x000001f4356c38d0, 0x000001f4356c51b0, 0x000001f4356c6dc0,
0x000001f4356c76d0, 0x000001f4356cb140, 0x000001f4357e89c0, 0x000001f435893c80,
0x000001f450957760, 0x000001f450957c70, 0x000001f450956320, 0x000001f450957250,
0x000001f450b97d50, 0x000001f450b98c80, 0x000001f450b954d0, 0x000001f450b96e20,
0x000001f450b97330, 0x000001f450b99190, 0x000001f450b996a0, 0x000001f450b99bb0,
0x000001f450b96400, 0x000001f450b96910, 0x000001f450b9c940, 0x000001f450b9a5d0,
0x000001f450b9ba10, 0x000001f450b9bf20, 0x000001f450b9c430, 0x000001f450b9aae0,
0x000001f4549aa430, 0x000001f454a476f0, 0x000001f4549abd80, 0x000001f4549a9f20,
0x000001f450956d40, 0x000001f450b9a0c0, 0x000001f450b98260, 0x000001f450b98770,
0x000001f4549ac290, 0x000001f453ab3a40, 0x000001f455cce850, 0x000001f455ccd920,
0x000001f455ccde30, 0x000001f43595e8a0, 0x000001f43595d460, 0x000001f43595e390,
0x000001f43595bb10, 0x000001f43595de80, 0x000001f43595edb0, 0x000001f43595f2c0,
0x000001f43595cf50, 0x000001f43595c530, 0x000001f43595ca40, 0x000001f4357dff00,
0x000001f4357e2c90, 0x000001f4357e1340, 0x000001f4357e0920, 0x000001f4357e1850,
0x000001f4357e0e30, 0x000001f4357e1d60, 0x000001f4357e31a0, 0x000001f4357e2270,
0x000001f4357e2780, 0x000001f4357e36b0, 0x000001f4357e0410, 0x000001f452147680,
0x000001f452147170, 0x000001f4521480a0, 0x000001f452147b90, 0x000001f4521485b0,
0x000001f452148ac0, 0x000001f452148fd0, 0x000001f4521494e0, 0x000001f452146c60,
0x000001f452145d30, 0x000001f452146240, 0x000001f452146750, 0x000001f4554ea1c0,
0x000001f4554e97a0, 0x000001f4554ea6d0, 0x000001f4554e9290, 0x000001f4554e7e50,
0x000001f4554eb0f0, 0x000001f4554e8360, 0x000001f4554eb600, 0x000001f4554e8870,
0x000001f4554e8d80, 0x000001f4554e9cb0
}

Java Threads: ( => current thread )
  0x000001f41a9580f0 JavaThread "main" [_thread_blocked, id=22904, stack(0x0000005170800000,0x0000005170900000)]
  0x000001f4356a20e0 JavaThread "Reference Handler" daemon [_thread_blocked, id=4008, stack(0x0000005170f00000,0x0000005171000000)]
  0x000001f4356a2bb0 JavaThread "Finalizer" daemon [_thread_blocked, id=8960, stack(0x0000005171000000,0x0000005171100000)]
  0x000001f4356ce940 JavaThread "Signal Dispatcher" daemon [_thread_blocked, id=6312, stack(0x0000005171100000,0x0000005171200000)]
  0x000001f4356cf310 JavaThread "Attach Listener" daemon [_thread_blocked, id=16632, stack(0x0000005171200000,0x0000005171300000)]
  0x000001f4356c38d0 JavaThread "Service Thread" daemon [_thread_blocked, id=8204, stack(0x0000005171300000,0x0000005171400000)]
  0x000001f4356c51b0 JavaThread "Monitor Deflation Thread" daemon [_thread_blocked, id=7988, stack(0x0000005171400000,0x0000005171500000)]
  0x000001f4356c6dc0 JavaThread "C2 CompilerThread0" daemon [_thread_blocked, id=8692, stack(0x0000005171500000,0x0000005171600000)]
  0x000001f4356c76d0 JavaThread "C1 CompilerThread0" daemon [_thread_blocked, id=18304, stack(0x0000005171600000,0x0000005171700000)]
  0x000001f4356cb140 JavaThread "Sweeper thread" daemon [_thread_blocked, id=20336, stack(0x0000005171700000,0x0000005171800000)]
  0x000001f4357e89c0 JavaThread "Common-Cleaner" daemon [_thread_blocked, id=4384, stack(0x0000005171800000,0x0000005171900000)]
  0x000001f435893c80 JavaThread "Notification Thread" daemon [_thread_blocked, id=16836, stack(0x0000005171900000,0x0000005171a00000)]
  0x000001f450957760 JavaThread "Daemon health stats" [_thread_blocked, id=20024, stack(0x0000005172200000,0x0000005172300000)]
  0x000001f450957c70 JavaThread "Incoming local TCP Connector on port 59566" [_thread_in_native, id=29200, stack(0x0000005172300000,0x0000005172400000)]
  0x000001f450956320 JavaThread "Daemon periodic checks" [_thread_blocked, id=9364, stack(0x0000005172400000,0x0000005172500000)]
  0x000001f450957250 JavaThread "Cache worker for journal cache (C:\Users\PC\.gradle\caches\journal-1)" [_thread_blocked, id=1848, stack(0x0000005172c00000,0x0000005172d00000)]
  0x000001f450b97d50 JavaThread "File lock request listener" [_thread_in_native, id=14444, stack(0x0000005172d00000,0x0000005172e00000)]
  0x000001f450b98c80 JavaThread "Cache worker for file hash cache (C:\Users\PC\.gradle\caches\8.14.3\fileHashes)" [_thread_blocked, id=28924, stack(0x0000005172e00000,0x0000005172f00000)]
  0x000001f450b954d0 JavaThread "File watcher server" daemon [_thread_blocked, id=10360, stack(0x0000005173700000,0x0000005173800000)]
  0x000001f450b96e20 JavaThread "File watcher consumer" daemon [_thread_blocked, id=26088, stack(0x0000005173800000,0x0000005173900000)]
  0x000001f450b97330 JavaThread "jar transforms" [_thread_blocked, id=24188, stack(0x0000005173900000,0x0000005173a00000)]
  0x000001f450b99190 JavaThread "jar transforms Thread 2" [_thread_blocked, id=12396, stack(0x0000005173a00000,0x0000005173b00000)]
  0x000001f450b996a0 JavaThread "jar transforms Thread 3" [_thread_blocked, id=22928, stack(0x0000005173b00000,0x0000005173c00000)]
  0x000001f450b99bb0 JavaThread "jar transforms Thread 4" [_thread_blocked, id=22012, stack(0x0000005171b00000,0x0000005171c00000)]
  0x000001f450b96400 JavaThread "jar transforms Thread 5" [_thread_blocked, id=27532, stack(0x0000005171c00000,0x0000005171d00000)]
  0x000001f450b96910 JavaThread "Cache worker for file content cache (C:\Users\PC\.gradle\caches\8.14.3\fileContent)" [_thread_blocked, id=25264, stack(0x0000005173f00000,0x0000005174000000)]
  0x000001f450b9c940 JavaThread "jar transforms Thread 6" [_thread_blocked, id=6660, stack(0x0000005174000000,0x0000005174100000)]
  0x000001f450b9a5d0 JavaThread "jar transforms Thread 7" [_thread_blocked, id=6216, stack(0x0000005174100000,0x0000005174200000)]
  0x000001f450b9ba10 JavaThread "jar transforms Thread 8" [_thread_blocked, id=4240, stack(0x0000005173d00000,0x0000005173e00000)]
  0x000001f450b9bf20 JavaThread "jar transforms Thread 9" [_thread_blocked, id=29364, stack(0x0000005174200000,0x0000005174300000)]
  0x000001f450b9c430 JavaThread "jar transforms Thread 10" [_thread_blocked, id=27512, stack(0x0000005174300000,0x0000005174400000)]
  0x000001f450b9aae0 JavaThread "jar transforms Thread 11" [_thread_blocked, id=29468, stack(0x0000005174400000,0x0000005174500000)]
  0x000001f4549aa430 JavaThread "jar transforms Thread 12" [_thread_blocked, id=7508, stack(0x0000005174700000,0x0000005174800000)]
  0x000001f454a476f0 JavaThread "Memory manager" [_thread_blocked, id=4840, stack(0x0000005176b00000,0x0000005176c00000)]
  0x000001f4549abd80 JavaThread "Daemon Thread 2" [_thread_blocked, id=15752, stack(0x0000005170500000,0x0000005170600000)]
  0x000001f4549a9f20 JavaThread "Daemon worker Thread 2" [_thread_blocked, id=20392, stack(0x0000005172500000,0x0000005172600000)]
  0x000001f450956d40 JavaThread "Exec process" [_thread_blocked, id=24752, stack(0x000000517d700000,0x000000517d800000)]
  0x000001f450b9a0c0 JavaThread "Exec process Thread 2" [_thread_blocked, id=23136, stack(0x000000517d900000,0x000000517da00000)]
  0x000001f450b98260 JavaThread "Exec process Thread 3" [_thread_blocked, id=11000, stack(0x000000517da00000,0x000000517db00000)]
  0x000001f450b98770 JavaThread "Exec process Thread 4" [_thread_blocked, id=26992, stack(0x000000517db00000,0x000000517dc00000)]
  0x000001f4549ac290 JavaThread "Cache worker for Java compile cache (C:\Users\PC\.gradle\caches\8.14.3\javaCompile)" [_thread_blocked, id=21084, stack(0x000000517de00000,0x000000517df00000)]
  0x000001f453ab3a40 JavaThread "included builds" [_thread_blocked, id=13520, stack(0x000000517ca00000,0x000000517cb00000)]
  0x000001f455cce850 JavaThread "VFS cleanup Thread 22" [_thread_blocked, id=18012, stack(0x0000005172700000,0x0000005172800000)]
  0x000001f455ccd920 JavaThread "Handler for socket connection from /127.0.0.1:59566 to /127.0.0.1:59923" [_thread_in_native, id=17132, stack(0x0000005170600000,0x0000005170700000)]
  0x000001f455ccde30 JavaThread "Cancel handler" [_thread_blocked, id=19160, stack(0x0000005170700000,0x0000005170800000)]
  0x000001f43595e8a0 JavaThread "Asynchronous log dispatcher for DefaultDaemonConnection: socket connection from /127.0.0.1:59566 to /127.0.0.1:59923" [_thread_blocked, id=30104, stack(0x0000005172800000,0x0000005172900000)]
  0x000001f43595d460 JavaThread "Stdin handler" [_thread_blocked, id=12276, stack(0x0000005172900000,0x0000005172a00000)]
  0x000001f43595e390 JavaThread "Daemon client event forwarder" [_thread_blocked, id=29104, stack(0x0000005172a00000,0x0000005172b00000)]
  0x000001f43595bb10 JavaThread "Cache worker for file hash cache (C:\dotori2\planner\.gradle\8.14.3\fileHashes)" [_thread_blocked, id=15312, stack(0x0000005172b00000,0x0000005172c00000)]
  0x000001f43595de80 JavaThread "Cache worker for Build Output Cleanup Cache (C:\dotori2\planner\.gradle\buildOutputCleanup)" [_thread_blocked, id=30436, stack(0x0000005172f00000,0x0000005173000000)]
  0x000001f43595edb0 JavaThread "Cache worker for checksums cache (C:\dotori2\planner\.gradle\8.14.3\checksums)" [_thread_blocked, id=28908, stack(0x0000005173000000,0x0000005173100000)]
  0x000001f43595f2c0 JavaThread "Cache worker for cache directory md-supplier (C:\Users\PC\.gradle\caches\8.14.3\md-supplier)" [_thread_blocked, id=14896, stack(0x0000005173c00000,0x0000005173d00000)]
  0x000001f43595cf50 JavaThread "Cache worker for cache directory md-rule (C:\Users\PC\.gradle\caches\8.14.3\md-rule)" [_thread_blocked, id=31720, stack(0x0000005173e00000,0x0000005173f00000)]
  0x000001f43595c530 JavaThread "Unconstrained build operations" [_thread_blocked, id=7908, stack(0x0000005174500000,0x0000005174600000)]
  0x000001f43595ca40 JavaThread "Unconstrained build operations Thread 2" [_thread_blocked, id=29516, stack(0x0000005174600000,0x0000005174700000)]
  0x000001f4357dff00 JavaThread "Unconstrained build operations Thread 3" [_thread_blocked, id=30480, stack(0x0000005174800000,0x0000005174900000)]
  0x000001f4357e2c90 JavaThread "Unconstrained build operations Thread 4" [_thread_blocked, id=9040, stack(0x0000005174900000,0x0000005174a00000)]
  0x000001f4357e1340 JavaThread "Unconstrained build operations Thread 5" [_thread_blocked, id=30712, stack(0x0000005174a00000,0x0000005174b00000)]
  0x000001f4357e0920 JavaThread "Unconstrained build operations Thread 6" [_thread_blocked, id=21788, stack(0x0000005174b00000,0x0000005174c00000)]
  0x000001f4357e1850 JavaThread "Unconstrained build operations Thread 7" [_thread_blocked, id=30860, stack(0x0000005174c00000,0x0000005174d00000)]
  0x000001f4357e0e30 JavaThread "Unconstrained build operations Thread 8" [_thread_blocked, id=11292, stack(0x0000005174d00000,0x0000005174e00000)]
  0x000001f4357e1d60 JavaThread "Unconstrained build operations Thread 9" [_thread_blocked, id=28008, stack(0x0000005174e00000,0x0000005174f00000)]
  0x000001f4357e31a0 JavaThread "Unconstrained build operations Thread 10" [_thread_blocked, id=28516, stack(0x0000005174f00000,0x0000005175000000)]
  0x000001f4357e2270 JavaThread "Unconstrained build operations Thread 11" [_thread_blocked, id=31400, stack(0x0000005175000000,0x0000005175100000)]
  0x000001f4357e2780 JavaThread "Unconstrained build operations Thread 12" [_thread_blocked, id=26232, stack(0x0000005175100000,0x0000005175200000)]
  0x000001f4357e36b0 JavaThread "Unconstrained build operations Thread 13" [_thread_blocked, id=5112, stack(0x0000005175200000,0x0000005175300000)]
  0x000001f4357e0410 JavaThread "Unconstrained build operations Thread 14" [_thread_blocked, id=30508, stack(0x0000005175300000,0x0000005175400000)]
  0x000001f452147680 JavaThread "Unconstrained build operations Thread 15" [_thread_blocked, id=24920, stack(0x0000005175400000,0x0000005175500000)]
  0x000001f452147170 JavaThread "Unconstrained build operations Thread 16" [_thread_blocked, id=24436, stack(0x0000005175500000,0x0000005175600000)]
  0x000001f4521480a0 JavaThread "Unconstrained build operations Thread 17" [_thread_blocked, id=15432, stack(0x0000005175600000,0x0000005175700000)]
  0x000001f452147b90 JavaThread "Unconstrained build operations Thread 18" [_thread_blocked, id=2836, stack(0x0000005175700000,0x0000005175800000)]
  0x000001f4521485b0 JavaThread "Unconstrained build operations Thread 19" [_thread_blocked, id=21332, stack(0x0000005175800000,0x0000005175900000)]
  0x000001f452148ac0 JavaThread "Unconstrained build operations Thread 20" [_thread_blocked, id=10672, stack(0x0000005175900000,0x0000005175a00000)]
  0x000001f452148fd0 JavaThread "Unconstrained build operations Thread 21" [_thread_blocked, id=31592, stack(0x0000005175a00000,0x0000005175b00000)]
  0x000001f4521494e0 JavaThread "Unconstrained build operations Thread 22" [_thread_blocked, id=30384, stack(0x0000005175b00000,0x0000005175c00000)]
  0x000001f452146c60 JavaThread "Unconstrained build operations Thread 23" [_thread_blocked, id=11676, stack(0x0000005175c00000,0x0000005175d00000)]
  0x000001f452145d30 JavaThread "Unconstrained build operations Thread 24" [_thread_blocked, id=30044, stack(0x0000005175e00000,0x0000005175f00000)]
  0x000001f452146240 JavaThread "Unconstrained build operations Thread 25" [_thread_blocked, id=30780, stack(0x0000005175f00000,0x0000005176000000)]
  0x000001f452146750 JavaThread "Unconstrained build operations Thread 26" [_thread_blocked, id=4720, stack(0x0000005176000000,0x0000005176100000)]
  0x000001f4554ea1c0 JavaThread "Unconstrained build operations Thread 27" [_thread_blocked, id=30424, stack(0x0000005176100000,0x0000005176200000)]
  0x000001f4554e97a0 JavaThread "Unconstrained build operations Thread 28" [_thread_blocked, id=22956, stack(0x0000005176200000,0x0000005176300000)]
  0x000001f4554ea6d0 JavaThread "Unconstrained build operations Thread 29" [_thread_blocked, id=29664, stack(0x0000005176300000,0x0000005176400000)]
  0x000001f4554e9290 JavaThread "Unconstrained build operations Thread 30" [_thread_blocked, id=5540, stack(0x0000005176400000,0x0000005176500000)]
  0x000001f4554e7e50 JavaThread "Unconstrained build operations Thread 31" [_thread_blocked, id=11732, stack(0x0000005176500000,0x0000005176600000)]
  0x000001f4554eb0f0 JavaThread "Unconstrained build operations Thread 32" [_thread_blocked, id=12124, stack(0x0000005176600000,0x0000005176700000)]
  0x000001f4554e8360 JavaThread "Unconstrained build operations Thread 33" [_thread_blocked, id=18884, stack(0x0000005176700000,0x0000005176800000)]
  0x000001f4554eb600 JavaThread "Unconstrained build operations Thread 34" [_thread_blocked, id=11300, stack(0x0000005176800000,0x0000005176900000)]
  0x000001f4554e8870 JavaThread "Unconstrained build operations Thread 35" [_thread_blocked, id=18220, stack(0x0000005176900000,0x0000005176a00000)]
  0x000001f4554e8d80 JavaThread "Unconstrained build operations Thread 36" [_thread_blocked, id=16060, stack(0x0000005176a00000,0x0000005176b00000)]
  0x000001f4554e9cb0 JavaThread "Unconstrained build operations Thread 37" [_thread_blocked, id=4428, stack(0x0000005176c00000,0x0000005176d00000)]

Other Threads:
  0x000001f4356a0aa0 VMThread "VM Thread" [stack: 0x0000005170e00000,0x0000005170f00000] [id=5692]
  0x000001f41a996480 WatcherThread [stack: 0x0000005171a00000,0x0000005171b00000] [id=25936]
  0x000001f41a988330 GCTaskThread "GC Thread#0" [stack: 0x0000005170900000,0x0000005170a00000] [id=5156]
  0x000001f44f02d660 GCTaskThread "GC Thread#1" [stack: 0x0000005171d00000,0x0000005171e00000] [id=5668]
  0x000001f44f15c610 GCTaskThread "GC Thread#2" [stack: 0x0000005171e00000,0x0000005171f00000] [id=26324]
  0x000001f44f2be2c0 GCTaskThread "GC Thread#3" [stack: 0x0000005171f00000,0x0000005172000000] [id=15400]
  0x000001f44f2be580 GCTaskThread "GC Thread#4" [stack: 0x0000005172000000,0x0000005172100000] [id=20704]
  0x000001f44f1c4010 GCTaskThread "GC Thread#5" [stack: 0x0000005172100000,0x0000005172200000] [id=16200]
  0x000001f453743ec0 GCTaskThread "GC Thread#6" [stack: 0x0000005173100000,0x0000005173200000] [id=26852]
=>0x000001f453abc1e0 GCTaskThread "GC Thread#7" [stack: 0x0000005173200000,0x0000005173300000] [id=19660]
  0x000001f454aca480 GCTaskThread "GC Thread#8" [stack: 0x0000005173300000,0x0000005173400000] [id=7804]
  0x000001f452819830 GCTaskThread "GC Thread#9" [stack: 0x0000005173400000,0x0000005173500000] [id=22660]
  0x000001f41a98d190 ConcurrentGCThread "G1 Main Marker" [stack: 0x0000005170a00000,0x0000005170b00000] [id=27792]
  0x000001f41a98e780 ConcurrentGCThread "G1 Conc#0" [stack: 0x0000005170b00000,0x0000005170c00000] [id=21492]
  0x000001f452430640 ConcurrentGCThread "G1 Conc#1" [stack: 0x0000005173500000,0x0000005173600000] [id=17640]
  0x000001f451031690 ConcurrentGCThread "G1 Conc#2" [stack: 0x0000005173600000,0x0000005173700000] [id=25056]
  0x000001f41aa1ec90 ConcurrentGCThread "G1 Refine#0" [stack: 0x0000005170c00000,0x0000005170d00000] [id=8468]
  0x000001f45415f980 ConcurrentGCThread "G1 Refine#1" [stack: 0x0000005175d00000,0x0000005175e00000] [id=27652]
  0x000001f45415e200 ConcurrentGCThread "G1 Refine#2" [stack: 0x0000005179100000,0x0000005179200000] [id=26460]
  0x000001f44f2123f0 ConcurrentGCThread "G1 Refine#3" [stack: 0x000000517e900000,0x000000517ea00000] [id=11120]
  0x000001f454bafc30 ConcurrentGCThread "G1 Refine#4" [stack: 0x0000005172600000,0x0000005172700000] [id=28852]
  0x000001f43555fa20 ConcurrentGCThread "G1 Service" [stack: 0x0000005170d00000,0x0000005170e00000] [id=19952]

Threads with active compile tasks:
C2 CompilerThread0  19215066 22693       4       org.gradle.api.internal.artifacts.DefaultResolvableArtifact::transformedTo (100 bytes)

VM state: at safepoint (normal execution)

VM Mutex/Monitor currently owned by a thread:  ([mutex/lock_event])
[0x000001f41a9549e0] Threads_lock - owner thread: 0x000001f4356a0aa0
[0x000001f41a954c20] Heap_lock - owner thread: 0x000001f4554e9cb0

Heap address: 0x00000000e0000000, size: 512 MB, Compressed Oops mode: 32-bit

CDS archive(s) mapped at: [0x000001f436000000-0x000001f436bd0000-0x000001f436bd0000), size 12386304, SharedBaseAddress: 0x000001f436000000, ArchiveRelocationMode: 1.
Compressed class space mapped at: 0x000001f437000000-0x000001f44b000000, reserved size: 335544320
Narrow klass base: 0x000001f436000000, Narrow klass shift: 0, Narrow klass range: 0x100000000

GC Precious Log:
 CPUs: 12 total, 12 available
 Memory: 32581M
 Large Page Support: Disabled
 NUMA Support: Disabled
 Compressed Oops: Enabled (32-bit)
 Heap Region Size: 1M
 Heap Min Capacity: 256M
 Heap Initial Capacity: 256M
 Heap Max Capacity: 512M
 Pre-touch: Disabled
 Parallel Workers: 10
 Concurrent Workers: 3
 Concurrent Refinement Workers: 10
 Periodic GC: Disabled

Heap:
 garbage-first heap   total 262144K, used 209944K [0x00000000e0000000, 0x0000000100000000)
  region size 1024K, 90 young (92160K), 6 survivors (6144K)
 Metaspace       used 90659K, committed 92352K, reserved 458752K
  class space    used 12046K, committed 12800K, reserved 327680K

Heap Regions: E=young(eden), S=young(survivor), O=old, HS=humongous(starts), HC=humongous(continues), CS=collection set, F=free, OA=open archive, CA=closed archive, TAMS=top-at-mark-start (previous, next)
|   0|0x00000000e0000000, 0x00000000e0100000, 0x00000000e0100000|100%|HS|  |TAMS 0x00000000e0100000, 0x00000000e0000000| Complete 
|   1|0x00000000e0100000, 0x00000000e0200000, 0x00000000e0200000|100%|HC|  |TAMS 0x00000000e0200000, 0x00000000e0100000| Complete 
|   2|0x00000000e0200000, 0x00000000e0300000, 0x00000000e0300000|100%|HC|  |TAMS 0x00000000e0300000, 0x00000000e0200000| Complete 
|   3|0x00000000e0300000, 0x00000000e0400000, 0x00000000e0400000|100%| O|  |TAMS 0x00000000e0400000, 0x00000000e0300000| Untracked 
|   4|0x00000000e0400000, 0x00000000e0500000, 0x00000000e0500000|100%| O|  |TAMS 0x00000000e0500000, 0x00000000e0400000| Untracked 
|   5|0x00000000e0500000, 0x00000000e0600000, 0x00000000e0600000|100%| O|  |TAMS 0x00000000e0600000, 0x00000000e0500000| Untracked 
|   6|0x00000000e0600000, 0x00000000e0700000, 0x00000000e0700000|100%| O|  |TAMS 0x00000000e0700000, 0x00000000e0600000| Untracked 
|   7|0x00000000e0700000, 0x00000000e0800000, 0x00000000e0800000|100%|HS|  |TAMS 0x00000000e0800000, 0x00000000e0700000| Complete 
|   8|0x00000000e0800000, 0x00000000e0900000, 0x00000000e0900000|100%| O|  |TAMS 0x00000000e0900000, 0x00000000e0800000| Untracked 
|   9|0x00000000e0900000, 0x00000000e0a00000, 0x00000000e0a00000|100%| O|  |TAMS 0x00000000e0a00000, 0x00000000e0900000| Untracked 
|  10|0x00000000e0a00000, 0x00000000e0b00000, 0x00000000e0b00000|100%| O|  |TAMS 0x00000000e0b00000, 0x00000000e0a00000| Untracked 
|  11|0x00000000e0b00000, 0x00000000e0c00000, 0x00000000e0c00000|100%| O|  |TAMS 0x00000000e0c00000, 0x00000000e0b00000| Untracked 
|  12|0x00000000e0c00000, 0x00000000e0d00000, 0x00000000e0d00000|100%| O|  |TAMS 0x00000000e0d00000, 0x00000000e0c00000| Untracked 
|  13|0x00000000e0d00000, 0x00000000e0e00000, 0x00000000e0e00000|100%| O|  |TAMS 0x00000000e0e00000, 0x00000000e0d00000| Untracked 
|  14|0x00000000e0e00000, 0x00000000e0f00000, 0x00000000e0f00000|100%| O|  |TAMS 0x00000000e0f00000, 0x00000000e0e00000| Untracked 
|  15|0x00000000e0f00000, 0x00000000e1000000, 0x00000000e1000000|100%| O|  |TAMS 0x00000000e1000000, 0x00000000e0f00000| Untracked 
|  16|0x00000000e1000000, 0x00000000e1100000, 0x00000000e1100000|100%| O|  |TAMS 0x00000000e1100000, 0x00000000e1000000| Untracked 
|  17|0x00000000e1100000, 0x00000000e1200000, 0x00000000e1200000|100%| O|  |TAMS 0x00000000e1200000, 0x00000000e1100000| Untracked 
|  18|0x00000000e1200000, 0x00000000e1300000, 0x00000000e1300000|100%| O|  |TAMS 0x00000000e1300000, 0x00000000e1200000| Untracked 
|  19|0x00000000e1300000, 0x00000000e1400000, 0x00000000e1400000|100%| O|  |TAMS 0x00000000e1400000, 0x00000000e1300000| Untracked 
|  20|0x00000000e1400000, 0x00000000e1500000, 0x00000000e1500000|100%| O|  |TAMS 0x00000000e1500000, 0x00000000e1400000| Untracked 
|  21|0x00000000e1500000, 0x00000000e1600000, 0x00000000e1600000|100%| O|  |TAMS 0x00000000e1600000, 0x00000000e1500000| Untracked 
|  22|0x00000000e1600000, 0x00000000e1700000, 0x00000000e1700000|100%| O|  |TAMS 0x00000000e1700000, 0x00000000e1600000| Untracked 
|  23|0x00000000e1700000, 0x00000000e1800000, 0x00000000e1800000|100%| O|  |TAMS 0x00000000e1800000, 0x00000000e1700000| Untracked 
|  24|0x00000000e1800000, 0x00000000e1900000, 0x00000000e1900000|100%| O|  |TAMS 0x00000000e1900000, 0x00000000e1800000| Untracked 
|  25|0x00000000e1900000, 0x00000000e1a00000, 0x00000000e1a00000|100%| O|  |TAMS 0x00000000e1a00000, 0x00000000e1900000| Untracked 
|  26|0x00000000e1a00000, 0x00000000e1b00000, 0x00000000e1b00000|100%| O|  |TAMS 0x00000000e1b00000, 0x00000000e1a00000| Untracked 
|  27|0x00000000e1b00000, 0x00000000e1c00000, 0x00000000e1c00000|100%| O|  |TAMS 0x00000000e1c00000, 0x00000000e1b00000| Untracked 
|  28|0x00000000e1c00000, 0x00000000e1d00000, 0x00000000e1d00000|100%| O|  |TAMS 0x00000000e1d00000, 0x00000000e1c00000| Untracked 
|  29|0x00000000e1d00000, 0x00000000e1e00000, 0x00000000e1e00000|100%| O|  |TAMS 0x00000000e1e00000, 0x00000000e1d00000| Untracked 
|  30|0x00000000e1e00000, 0x00000000e1f00000, 0x00000000e1f00000|100%| O|  |TAMS 0x00000000e1f00000, 0x00000000e1e00000| Untracked 
|  31|0x00000000e1f00000, 0x00000000e2000000, 0x00000000e2000000|100%|HS|  |TAMS 0x00000000e1f00000, 0x00000000e1f00000| Complete 
|  32|0x00000000e2000000, 0x00000000e2100000, 0x00000000e2100000|100%| O|  |TAMS 0x00000000e2100000, 0x00000000e2000000| Untracked 
|  33|0x00000000e2100000, 0x00000000e2200000, 0x00000000e2200000|100%| O|  |TAMS 0x00000000e2200000, 0x00000000e2100000| Untracked 
|  34|0x00000000e2200000, 0x00000000e2300000, 0x00000000e2300000|100%| O|  |TAMS 0x00000000e2300000, 0x00000000e2200000| Untracked 
|  35|0x00000000e2300000, 0x00000000e2400000, 0x00000000e2400000|100%| O|  |TAMS 0x00000000e2400000, 0x00000000e2300000| Untracked 
|  36|0x00000000e2400000, 0x00000000e2500000, 0x00000000e2500000|100%| O|  |TAMS 0x00000000e2500000, 0x00000000e2400000| Untracked 
|  37|0x00000000e2500000, 0x00000000e2600000, 0x00000000e2600000|100%| O|  |TAMS 0x00000000e2600000, 0x00000000e2500000| Untracked 
|  38|0x00000000e2600000, 0x00000000e2700000, 0x00000000e2700000|100%| O|  |TAMS 0x00000000e2700000, 0x00000000e2600000| Untracked 
|  39|0x00000000e2700000, 0x00000000e2800000, 0x00000000e2800000|100%| O|  |TAMS 0x00000000e2700000, 0x00000000e2700000| Untracked 
|  40|0x00000000e2800000, 0x00000000e2900000, 0x00000000e2900000|100%| O|  |TAMS 0x00000000e2900000, 0x00000000e2800000| Untracked 
|  41|0x00000000e2900000, 0x00000000e2a00000, 0x00000000e2a00000|100%| O|  |TAMS 0x00000000e2a00000, 0x00000000e2900000| Untracked 
|  42|0x00000000e2a00000, 0x00000000e2b00000, 0x00000000e2b00000|100%| O|  |TAMS 0x00000000e2b00000, 0x00000000e2a00000| Untracked 
|  43|0x00000000e2b00000, 0x00000000e2c00000, 0x00000000e2c00000|100%| O|  |TAMS 0x00000000e2c00000, 0x00000000e2b00000| Untracked 
|  44|0x00000000e2c00000, 0x00000000e2d00000, 0x00000000e2d00000|100%| O|  |TAMS 0x00000000e2d00000, 0x00000000e2c00000| Untracked 
|  45|0x00000000e2d00000, 0x00000000e2e00000, 0x00000000e2e00000|100%| O|  |TAMS 0x00000000e2d00000, 0x00000000e2d00000| Untracked 
|  46|0x00000000e2e00000, 0x00000000e2f00000, 0x00000000e2f00000|100%| O|  |TAMS 0x00000000e2e00000, 0x00000000e2e00000| Untracked 
|  47|0x00000000e2f00000, 0x00000000e3000000, 0x00000000e3000000|100%| O|  |TAMS 0x00000000e3000000, 0x00000000e2f00000| Untracked 
|  48|0x00000000e3000000, 0x00000000e3100000, 0x00000000e3100000|100%| O|  |TAMS 0x00000000e3100000, 0x00000000e3000000| Untracked 
|  49|0x00000000e3100000, 0x00000000e3200000, 0x00000000e3200000|100%| O|  |TAMS 0x00000000e3100000, 0x00000000e3100000| Untracked 
|  50|0x00000000e3200000, 0x00000000e3300000, 0x00000000e3300000|100%|HS|  |TAMS 0x00000000e3200000, 0x00000000e3200000| Complete 
|  51|0x00000000e3300000, 0x00000000e3400000, 0x00000000e3400000|100%| O|  |TAMS 0x00000000e3300000, 0x00000000e3300000| Untracked 
|  52|0x00000000e3400000, 0x00000000e3500000, 0x00000000e3500000|100%| O|  |TAMS 0x00000000e3400000, 0x00000000e3400000| Untracked 
|  53|0x00000000e3500000, 0x00000000e3600000, 0x00000000e3600000|100%| O|  |TAMS 0x00000000e3500000, 0x00000000e3500000| Untracked 
|  54|0x00000000e3600000, 0x00000000e3700000, 0x00000000e3700000|100%| O|  |TAMS 0x00000000e3600000, 0x00000000e3600000| Untracked 
|  55|0x00000000e3700000, 0x00000000e3800000, 0x00000000e3800000|100%| O|  |TAMS 0x00000000e3700000, 0x00000000e3700000| Untracked 
|  56|0x00000000e3800000, 0x00000000e3900000, 0x00000000e3900000|100%|HS|  |TAMS 0x00000000e3800000, 0x00000000e3800000| Complete 
|  57|0x00000000e3900000, 0x00000000e3a00000, 0x00000000e3a00000|100%| O|  |TAMS 0x00000000e3900000, 0x00000000e3900000| Untracked 
|  58|0x00000000e3a00000, 0x00000000e3b00000, 0x00000000e3b00000|100%| O|  |TAMS 0x00000000e3a00000, 0x00000000e3a00000| Untracked 
|  59|0x00000000e3b00000, 0x00000000e3c00000, 0x00000000e3c00000|100%| O|  |TAMS 0x00000000e3c00000, 0x00000000e3b00000| Untracked 
|  60|0x00000000e3c00000, 0x00000000e3d00000, 0x00000000e3d00000|100%| O|  |TAMS 0x00000000e3c00000, 0x00000000e3c00000| Untracked 
|  61|0x00000000e3d00000, 0x00000000e3e00000, 0x00000000e3e00000|100%| O|  |TAMS 0x00000000e3d00000, 0x00000000e3d00000| Untracked 
|  62|0x00000000e3e00000, 0x00000000e3f00000, 0x00000000e3f00000|100%| O|  |TAMS 0x00000000e3f00000, 0x00000000e3e00000| Untracked 
|  63|0x00000000e3f00000, 0x00000000e4000000, 0x00000000e4000000|100%| O|  |TAMS 0x00000000e4000000, 0x00000000e3f00000| Untracked 
|  64|0x00000000e4000000, 0x00000000e4100000, 0x00000000e4100000|100%| O|  |TAMS 0x00000000e4000000, 0x00000000e4000000| Untracked 
|  65|0x00000000e4100000, 0x00000000e4200000, 0x00000000e4200000|100%| O|  |TAMS 0x00000000e4100000, 0x00000000e4100000| Untracked 
|  66|0x00000000e4200000, 0x00000000e4300000, 0x00000000e4300000|100%| O|  |TAMS 0x00000000e4200000, 0x00000000e4200000| Untracked 
|  67|0x00000000e4300000, 0x00000000e4400000, 0x00000000e4400000|100%| O|  |TAMS 0x00000000e4300000, 0x00000000e4300000| Untracked 
|  68|0x00000000e4400000, 0x00000000e4500000, 0x00000000e4500000|100%| O|  |TAMS 0x00000000e4400000, 0x00000000e4400000| Untracked 
|  69|0x00000000e4500000, 0x00000000e4600000, 0x00000000e4600000|100%| O|  |TAMS 0x00000000e4500000, 0x00000000e4500000| Untracked 
|  70|0x00000000e4600000, 0x00000000e4700000, 0x00000000e4700000|100%| O|  |TAMS 0x00000000e4700000, 0x00000000e4600000| Untracked 
|  71|0x00000000e4700000, 0x00000000e4800000, 0x00000000e4800000|100%| O|  |TAMS 0x00000000e4700000, 0x00000000e4700000| Untracked 
|  72|0x00000000e4800000, 0x00000000e483a230, 0x00000000e4900000| 22%| O|  |TAMS 0x00000000e4800000, 0x00000000e4800000| Untracked 
|  73|0x00000000e4900000, 0x00000000e4a00000, 0x00000000e4a00000|100%| O|  |TAMS 0x00000000e4a00000, 0x00000000e4900000| Untracked 
|  74|0x00000000e4a00000, 0x00000000e4b00000, 0x00000000e4b00000|100%| O|  |TAMS 0x00000000e4b00000, 0x00000000e4a00000| Untracked 
|  75|0x00000000e4b00000, 0x00000000e4c00000, 0x00000000e4c00000|100%| O|  |TAMS 0x00000000e4c00000, 0x00000000e4b00000| Untracked 
|  76|0x00000000e4c00000, 0x00000000e4d00000, 0x00000000e4d00000|100%| O|  |TAMS 0x00000000e4d00000, 0x00000000e4c00000| Untracked 
|  77|0x00000000e4d00000, 0x00000000e4d00000, 0x00000000e4e00000|  0%| F|  |TAMS 0x00000000e4d00000, 0x00000000e4d00000| Untracked 
|  78|0x00000000e4e00000, 0x00000000e4f00000, 0x00000000e4f00000|100%| O|  |TAMS 0x00000000e4f00000, 0x00000000e4e00000| Untracked 
|  79|0x00000000e4f00000, 0x00000000e5000000, 0x00000000e5000000|100%| O|  |TAMS 0x00000000e5000000, 0x00000000e4f00000| Untracked 
|  80|0x00000000e5000000, 0x00000000e5100000, 0x00000000e5100000|100%| O|  |TAMS 0x00000000e5100000, 0x00000000e5000000| Untracked 
|  81|0x00000000e5100000, 0x00000000e5200000, 0x00000000e5200000|100%| O|  |TAMS 0x00000000e5200000, 0x00000000e5100000| Untracked 
|  82|0x00000000e5200000, 0x00000000e5300000, 0x00000000e5300000|100%| O|  |TAMS 0x00000000e5300000, 0x00000000e5200000| Untracked 
|  83|0x00000000e5300000, 0x00000000e5400000, 0x00000000e5400000|100%| O|  |TAMS 0x00000000e5400000, 0x00000000e5300000| Untracked 
|  84|0x00000000e5400000, 0x00000000e5500000, 0x00000000e5500000|100%| O|  |TAMS 0x00000000e5500000, 0x00000000e5400000| Untracked 
|  85|0x00000000e5500000, 0x00000000e5600000, 0x00000000e5600000|100%| O|  |TAMS 0x00000000e5600000, 0x00000000e5500000| Untracked 
|  86|0x00000000e5600000, 0x00000000e5600000, 0x00000000e5700000|  0%| F|  |TAMS 0x00000000e5600000, 0x00000000e5600000| Untracked 
|  87|0x00000000e5700000, 0x00000000e5700000, 0x00000000e5800000|  0%| F|  |TAMS 0x00000000e5700000, 0x00000000e5700000| Untracked 
|  88|0x00000000e5800000, 0x00000000e5800000, 0x00000000e5900000|  0%| F|  |TAMS 0x00000000e5800000, 0x00000000e5800000| Untracked 
|  89|0x00000000e5900000, 0x00000000e5900000, 0x00000000e5a00000|  0%| F|  |TAMS 0x00000000e5900000, 0x00000000e5900000| Untracked 
|  90|0x00000000e5a00000, 0x00000000e5a00000, 0x00000000e5b00000|  0%| F|  |TAMS 0x00000000e5a00000, 0x00000000e5a00000| Untracked 
|  91|0x00000000e5b00000, 0x00000000e5b00000, 0x00000000e5c00000|  0%| F|  |TAMS 0x00000000e5b00000, 0x00000000e5b00000| Untracked 
|  92|0x00000000e5c00000, 0x00000000e5c00000, 0x00000000e5d00000|  0%| F|  |TAMS 0x00000000e5c00000, 0x00000000e5c00000| Untracked 
|  93|0x00000000e5d00000, 0x00000000e5e00000, 0x00000000e5e00000|100%| O|  |TAMS 0x00000000e5e00000, 0x00000000e5d00000| Untracked 
|  94|0x00000000e5e00000, 0x00000000e5e00000, 0x00000000e5f00000|  0%| F|  |TAMS 0x00000000e5e00000, 0x00000000e5e00000| Untracked 
|  95|0x00000000e5f00000, 0x00000000e5f00000, 0x00000000e6000000|  0%| F|  |TAMS 0x00000000e5f00000, 0x00000000e5f00000| Untracked 
|  96|0x00000000e6000000, 0x00000000e6000000, 0x00000000e6100000|  0%| F|  |TAMS 0x00000000e6000000, 0x00000000e6000000| Untracked 
|  97|0x00000000e6100000, 0x00000000e6100000, 0x00000000e6200000|  0%| F|  |TAMS 0x00000000e6100000, 0x00000000e6100000| Untracked 
|  98|0x00000000e6200000, 0x00000000e6200000, 0x00000000e6300000|  0%| F|  |TAMS 0x00000000e6200000, 0x00000000e6200000| Untracked 
|  99|0x00000000e6300000, 0x00000000e6400000, 0x00000000e6400000|100%| O|  |TAMS 0x00000000e6400000, 0x00000000e6300000| Untracked 
| 100|0x00000000e6400000, 0x00000000e6500000, 0x00000000e6500000|100%| O|  |TAMS 0x00000000e6500000, 0x00000000e6400000| Untracked 
| 101|0x00000000e6500000, 0x00000000e6500000, 0x00000000e6600000|  0%| F|  |TAMS 0x00000000e6500000, 0x00000000e6500000| Untracked 
| 102|0x00000000e6600000, 0x00000000e6600000, 0x00000000e6700000|  0%| F|  |TAMS 0x00000000e6600000, 0x00000000e6600000| Untracked 
| 103|0x00000000e6700000, 0x00000000e6700000, 0x00000000e6800000|  0%| F|  |TAMS 0x00000000e6700000, 0x00000000e6700000| Untracked 
| 104|0x00000000e6800000, 0x00000000e6900000, 0x00000000e6900000|100%| E|CS|TAMS 0x00000000e6800000, 0x00000000e6800000| Complete 
| 105|0x00000000e6900000, 0x00000000e6a00000, 0x00000000e6a00000|100%| E|CS|TAMS 0x00000000e6900000, 0x00000000e6900000| Complete 
| 106|0x00000000e6a00000, 0x00000000e6b00000, 0x00000000e6b00000|100%| E|CS|TAMS 0x00000000e6a00000, 0x00000000e6a00000| Complete 
| 107|0x00000000e6b00000, 0x00000000e6c00000, 0x00000000e6c00000|100%| O|  |TAMS 0x00000000e6c00000, 0x00000000e6b00000| Untracked 
| 108|0x00000000e6c00000, 0x00000000e6d00000, 0x00000000e6d00000|100%| E|CS|TAMS 0x00000000e6c00000, 0x00000000e6c00000| Complete 
| 109|0x00000000e6d00000, 0x00000000e6e00000, 0x00000000e6e00000|100%| O|  |TAMS 0x00000000e6e00000, 0x00000000e6d00000| Untracked 
| 110|0x00000000e6e00000, 0x00000000e6f00000, 0x00000000e6f00000|100%| O|  |TAMS 0x00000000e6f00000, 0x00000000e6e00000| Untracked 
| 111|0x00000000e6f00000, 0x00000000e7000000, 0x00000000e7000000|100%| O|  |TAMS 0x00000000e7000000, 0x00000000e6f00000| Untracked 
| 112|0x00000000e7000000, 0x00000000e7100000, 0x00000000e7100000|100%| O|  |TAMS 0x00000000e7100000, 0x00000000e7000000| Untracked 
| 113|0x00000000e7100000, 0x00000000e7200000, 0x00000000e7200000|100%| E|CS|TAMS 0x00000000e7100000, 0x00000000e7100000| Complete 
| 114|0x00000000e7200000, 0x00000000e7300000, 0x00000000e7300000|100%| E|CS|TAMS 0x00000000e7200000, 0x00000000e7200000| Complete 
| 115|0x00000000e7300000, 0x00000000e7400000, 0x00000000e7400000|100%| O|  |TAMS 0x00000000e7400000, 0x00000000e7300000| Untracked 
| 116|0x00000000e7400000, 0x00000000e7500000, 0x00000000e7500000|100%| O|  |TAMS 0x00000000e7500000, 0x00000000e7400000| Untracked 
| 117|0x00000000e7500000, 0x00000000e7600000, 0x00000000e7600000|100%| O|  |TAMS 0x00000000e7600000, 0x00000000e7500000| Untracked 
| 118|0x00000000e7600000, 0x00000000e7700000, 0x00000000e7700000|100%| O|  |TAMS 0x00000000e7700000, 0x00000000e7600000| Untracked 
| 119|0x00000000e7700000, 0x00000000e7800000, 0x00000000e7800000|100%| O|  |TAMS 0x00000000e7800000, 0x00000000e7700000| Untracked 
| 120|0x00000000e7800000, 0x00000000e7900000, 0x00000000e7900000|100%| O|  |TAMS 0x00000000e7900000, 0x00000000e7800000| Untracked 
| 121|0x00000000e7900000, 0x00000000e7a00000, 0x00000000e7a00000|100%| O|  |TAMS 0x00000000e7916c00, 0x00000000e7900000| Untracked 
| 122|0x00000000e7a00000, 0x00000000e7b00000, 0x00000000e7b00000|100%| O|  |TAMS 0x00000000e7a00000, 0x00000000e7a00000| Untracked 
| 123|0x00000000e7b00000, 0x00000000e7c00000, 0x00000000e7c00000|100%| O|  |TAMS 0x00000000e7b00000, 0x00000000e7b00000| Untracked 
| 124|0x00000000e7c00000, 0x00000000e7d00000, 0x00000000e7d00000|100%| O|  |TAMS 0x00000000e7c00000, 0x00000000e7c00000| Untracked 
| 125|0x00000000e7d00000, 0x00000000e7e00000, 0x00000000e7e00000|100%| O|  |TAMS 0x00000000e7d00000, 0x00000000e7d00000| Untracked 
| 126|0x00000000e7e00000, 0x00000000e7f00000, 0x00000000e7f00000|100%| O|  |TAMS 0x00000000e7e00000, 0x00000000e7e00000| Untracked 
| 127|0x00000000e7f00000, 0x00000000e8000000, 0x00000000e8000000|100%|HS|  |TAMS 0x00000000e7f00000, 0x00000000e7f00000| Complete 
| 128|0x00000000e8000000, 0x00000000e8100000, 0x00000000e8100000|100%| O|  |TAMS 0x00000000e8000000, 0x00000000e8000000| Untracked 
| 129|0x00000000e8100000, 0x00000000e8200000, 0x00000000e8200000|100%| O|  |TAMS 0x00000000e8100000, 0x00000000e8100000| Untracked 
| 130|0x00000000e8200000, 0x00000000e8300000, 0x00000000e8300000|100%| O|  |TAMS 0x00000000e8200000, 0x00000000e8200000| Untracked 
| 131|0x00000000e8300000, 0x00000000e8400000, 0x00000000e8400000|100%| O|  |TAMS 0x00000000e8300000, 0x00000000e8300000| Untracked 
| 132|0x00000000e8400000, 0x00000000e8500000, 0x00000000e8500000|100%| O|  |TAMS 0x00000000e8400000, 0x00000000e8400000| Untracked 
| 133|0x00000000e8500000, 0x00000000e8600000, 0x00000000e8600000|100%| O|  |TAMS 0x00000000e8500000, 0x00000000e8500000| Untracked 
| 134|0x00000000e8600000, 0x00000000e8700000, 0x00000000e8700000|100%| O|  |TAMS 0x00000000e8600000, 0x00000000e8600000| Untracked 
| 135|0x00000000e8700000, 0x00000000e8800000, 0x00000000e8800000|100%| O|  |TAMS 0x00000000e8700000, 0x00000000e8700000| Untracked 
| 136|0x00000000e8800000, 0x00000000e8900000, 0x00000000e8900000|100%| O|  |TAMS 0x00000000e8800000, 0x00000000e8800000| Untracked 
| 137|0x00000000e8900000, 0x00000000e8a00000, 0x00000000e8a00000|100%| E|CS|TAMS 0x00000000e8900000, 0x00000000e8900000| Complete 
| 138|0x00000000e8a00000, 0x00000000e8b00000, 0x00000000e8b00000|100%| E|CS|TAMS 0x00000000e8a00000, 0x00000000e8a00000| Complete 
| 139|0x00000000e8b00000, 0x00000000e8c00000, 0x00000000e8c00000|100%| E|CS|TAMS 0x00000000e8b00000, 0x00000000e8b00000| Complete 
| 140|0x00000000e8c00000, 0x00000000e8c00000, 0x00000000e8d00000|  0%| F|  |TAMS 0x00000000e8c00000, 0x00000000e8c00000| Untracked 
| 141|0x00000000e8d00000, 0x00000000e8e00000, 0x00000000e8e00000|100%| E|CS|TAMS 0x00000000e8d00000, 0x00000000e8d00000| Complete 
| 142|0x00000000e8e00000, 0x00000000e8f00000, 0x00000000e8f00000|100%| E|CS|TAMS 0x00000000e8e00000, 0x00000000e8e00000| Complete 
| 143|0x00000000e8f00000, 0x00000000e9000000, 0x00000000e9000000|100%| E|CS|TAMS 0x00000000e8f00000, 0x00000000e8f00000| Complete 
| 144|0x00000000e9000000, 0x00000000e9100000, 0x00000000e9100000|100%| E|CS|TAMS 0x00000000e9000000, 0x00000000e9000000| Complete 
| 145|0x00000000e9100000, 0x00000000e9200000, 0x00000000e9200000|100%| E|CS|TAMS 0x00000000e9100000, 0x00000000e9100000| Complete 
| 146|0x00000000e9200000, 0x00000000e9200000, 0x00000000e9300000|  0%| F|  |TAMS 0x00000000e9200000, 0x00000000e9200000| Untracked 
| 147|0x00000000e9300000, 0x00000000e9300000, 0x00000000e9400000|  0%| F|  |TAMS 0x00000000e9300000, 0x00000000e9300000| Untracked 
| 148|0x00000000e9400000, 0x00000000e9400000, 0x00000000e9500000|  0%| F|  |TAMS 0x00000000e9400000, 0x00000000e9400000| Untracked 
| 149|0x00000000e9500000, 0x00000000e9500000, 0x00000000e9600000|  0%| F|  |TAMS 0x00000000e9500000, 0x00000000e9500000| Untracked 
| 150|0x00000000e9600000, 0x00000000e9600000, 0x00000000e9700000|  0%| F|  |TAMS 0x00000000e9600000, 0x00000000e9600000| Untracked 
| 151|0x00000000e9700000, 0x00000000e9700000, 0x00000000e9800000|  0%| F|  |TAMS 0x00000000e9700000, 0x00000000e9700000| Untracked 
| 152|0x00000000e9800000, 0x00000000e9800000, 0x00000000e9900000|  0%| F|  |TAMS 0x00000000e9800000, 0x00000000e9800000| Untracked 
| 153|0x00000000e9900000, 0x00000000e9900000, 0x00000000e9a00000|  0%| F|  |TAMS 0x00000000e9900000, 0x00000000e9900000| Untracked 
| 154|0x00000000e9a00000, 0x00000000e9a00000, 0x00000000e9b00000|  0%| F|  |TAMS 0x00000000e9a00000, 0x00000000e9a00000| Untracked 
| 155|0x00000000e9b00000, 0x00000000e9b00000, 0x00000000e9c00000|  0%| F|  |TAMS 0x00000000e9b00000, 0x00000000e9b00000| Untracked 
| 156|0x00000000e9c00000, 0x00000000e9c00000, 0x00000000e9d00000|  0%| F|  |TAMS 0x00000000e9c00000, 0x00000000e9c00000| Untracked 
| 157|0x00000000e9d00000, 0x00000000e9d00000, 0x00000000e9e00000|  0%| F|  |TAMS 0x00000000e9d00000, 0x00000000e9d00000| Untracked 
| 158|0x00000000e9e00000, 0x00000000e9e00000, 0x00000000e9f00000|  0%| F|  |TAMS 0x00000000e9e00000, 0x00000000e9e00000| Untracked 
| 159|0x00000000e9f00000, 0x00000000e9f00000, 0x00000000ea000000|  0%| F|  |TAMS 0x00000000e9f00000, 0x00000000e9f00000| Untracked 
| 160|0x00000000ea000000, 0x00000000ea000000, 0x00000000ea100000|  0%| F|  |TAMS 0x00000000ea000000, 0x00000000ea000000| Untracked 
| 161|0x00000000ea100000, 0x00000000ea100000, 0x00000000ea200000|  0%| F|  |TAMS 0x00000000ea100000, 0x00000000ea100000| Untracked 
| 162|0x00000000ea200000, 0x00000000ea200000, 0x00000000ea300000|  0%| F|  |TAMS 0x00000000ea200000, 0x00000000ea200000| Untracked 
| 163|0x00000000ea300000, 0x00000000ea300000, 0x00000000ea400000|  0%| F|  |TAMS 0x00000000ea300000, 0x00000000ea300000| Untracked 
| 164|0x00000000ea400000, 0x00000000ea400000, 0x00000000ea500000|  0%| F|  |TAMS 0x00000000ea400000, 0x00000000ea400000| Untracked 
| 165|0x00000000ea500000, 0x00000000ea500000, 0x00000000ea600000|  0%| F|  |TAMS 0x00000000ea500000, 0x00000000ea500000| Untracked 
| 166|0x00000000ea600000, 0x00000000ea662de0, 0x00000000ea700000| 38%| S|  |TAMS 0x00000000ea600000, 0x00000000ea600000| Complete 
| 167|0x00000000ea700000, 0x00000000ea800000, 0x00000000ea800000|100%| S|  |TAMS 0x00000000ea700000, 0x00000000ea700000| Complete 
| 168|0x00000000ea800000, 0x00000000ea900000, 0x00000000ea900000|100%| S|  |TAMS 0x00000000ea800000, 0x00000000ea800000| Complete 
| 169|0x00000000ea900000, 0x00000000eaa00000, 0x00000000eaa00000|100%| S|  |TAMS 0x00000000ea900000, 0x00000000ea900000| Complete 
| 170|0x00000000eaa00000, 0x00000000eab00000, 0x00000000eab00000|100%| S|  |TAMS 0x00000000eaa00000, 0x00000000eaa00000| Complete 
| 171|0x00000000eab00000, 0x00000000eac00000, 0x00000000eac00000|100%| S|  |TAMS 0x00000000eab00000, 0x00000000eab00000| Complete 
| 172|0x00000000eac00000, 0x00000000ead00000, 0x00000000ead00000|100%| E|CS|TAMS 0x00000000eac00000, 0x00000000eac00000| Complete 
| 173|0x00000000ead00000, 0x00000000eae00000, 0x00000000eae00000|100%| E|CS|TAMS 0x00000000ead00000, 0x00000000ead00000| Complete 
| 174|0x00000000eae00000, 0x00000000eaf00000, 0x00000000eaf00000|100%| E|CS|TAMS 0x00000000eae00000, 0x00000000eae00000| Complete 
| 175|0x00000000eaf00000, 0x00000000eb000000, 0x00000000eb000000|100%| E|CS|TAMS 0x00000000eaf00000, 0x00000000eaf00000| Complete 
| 176|0x00000000eb000000, 0x00000000eb100000, 0x00000000eb100000|100%| E|CS|TAMS 0x00000000eb000000, 0x00000000eb000000| Complete 
| 177|0x00000000eb100000, 0x00000000eb200000, 0x00000000eb200000|100%| E|CS|TAMS 0x00000000eb100000, 0x00000000eb100000| Complete 
| 178|0x00000000eb200000, 0x00000000eb300000, 0x00000000eb300000|100%| E|CS|TAMS 0x00000000eb200000, 0x00000000eb200000| Complete 
| 179|0x00000000eb300000, 0x00000000eb400000, 0x00000000eb400000|100%| E|CS|TAMS 0x00000000eb300000, 0x00000000eb300000| Complete 
| 180|0x00000000eb400000, 0x00000000eb500000, 0x00000000eb500000|100%| E|CS|TAMS 0x00000000eb400000, 0x00000000eb400000| Complete 
| 181|0x00000000eb500000, 0x00000000eb600000, 0x00000000eb600000|100%| E|CS|TAMS 0x00000000eb500000, 0x00000000eb500000| Complete 
| 182|0x00000000eb600000, 0x00000000eb700000, 0x00000000eb700000|100%| E|CS|TAMS 0x00000000eb600000, 0x00000000eb600000| Complete 
| 183|0x00000000eb700000, 0x00000000eb800000, 0x00000000eb800000|100%| E|CS|TAMS 0x00000000eb700000, 0x00000000eb700000| Complete 
| 184|0x00000000eb800000, 0x00000000eb900000, 0x00000000eb900000|100%| E|CS|TAMS 0x00000000eb800000, 0x00000000eb800000| Complete 
| 185|0x00000000eb900000, 0x00000000eba00000, 0x00000000eba00000|100%| E|CS|TAMS 0x00000000eb900000, 0x00000000eb900000| Complete 
| 186|0x00000000eba00000, 0x00000000ebb00000, 0x00000000ebb00000|100%| E|CS|TAMS 0x00000000eba00000, 0x00000000eba00000| Complete 
| 187|0x00000000ebb00000, 0x00000000ebc00000, 0x00000000ebc00000|100%| E|CS|TAMS 0x00000000ebb00000, 0x00000000ebb00000| Complete 
| 188|0x00000000ebc00000, 0x00000000ebd00000, 0x00000000ebd00000|100%| E|CS|TAMS 0x00000000ebc00000, 0x00000000ebc00000| Complete 
| 189|0x00000000ebd00000, 0x00000000ebe00000, 0x00000000ebe00000|100%| E|CS|TAMS 0x00000000ebd00000, 0x00000000ebd00000| Complete 
| 190|0x00000000ebe00000, 0x00000000ebf00000, 0x00000000ebf00000|100%| E|CS|TAMS 0x00000000ebe00000, 0x00000000ebe00000| Complete 
| 191|0x00000000ebf00000, 0x00000000ec000000, 0x00000000ec000000|100%| E|CS|TAMS 0x00000000ebf00000, 0x00000000ebf00000| Complete 
| 192|0x00000000ec000000, 0x00000000ec100000, 0x00000000ec100000|100%| E|CS|TAMS 0x00000000ec000000, 0x00000000ec000000| Complete 
| 193|0x00000000ec100000, 0x00000000ec200000, 0x00000000ec200000|100%| E|CS|TAMS 0x00000000ec100000, 0x00000000ec100000| Complete 
| 194|0x00000000ec200000, 0x00000000ec300000, 0x00000000ec300000|100%| E|CS|TAMS 0x00000000ec200000, 0x00000000ec200000| Complete 
| 195|0x00000000ec300000, 0x00000000ec400000, 0x00000000ec400000|100%| E|CS|TAMS 0x00000000ec300000, 0x00000000ec300000| Complete 
| 196|0x00000000ec400000, 0x00000000ec500000, 0x00000000ec500000|100%| E|CS|TAMS 0x00000000ec400000, 0x00000000ec400000| Complete 
| 197|0x00000000ec500000, 0x00000000ec600000, 0x00000000ec600000|100%| E|CS|TAMS 0x00000000ec500000, 0x00000000ec500000| Complete 
| 198|0x00000000ec600000, 0x00000000ec700000, 0x00000000ec700000|100%| E|CS|TAMS 0x00000000ec600000, 0x00000000ec600000| Complete 
| 199|0x00000000ec700000, 0x00000000ec800000, 0x00000000ec800000|100%| E|CS|TAMS 0x00000000ec700000, 0x00000000ec700000| Complete 
| 200|0x00000000ec800000, 0x00000000ec900000, 0x00000000ec900000|100%| E|CS|TAMS 0x00000000ec800000, 0x00000000ec800000| Complete 
| 201|0x00000000ec900000, 0x00000000eca00000, 0x00000000eca00000|100%| E|CS|TAMS 0x00000000ec900000, 0x00000000ec900000| Complete 
| 202|0x00000000eca00000, 0x00000000ecb00000, 0x00000000ecb00000|100%| E|CS|TAMS 0x00000000eca00000, 0x00000000eca00000| Complete 
| 203|0x00000000ecb00000, 0x00000000ecc00000, 0x00000000ecc00000|100%| E|CS|TAMS 0x00000000ecb00000, 0x00000000ecb00000| Complete 
| 204|0x00000000ecc00000, 0x00000000ecd00000, 0x00000000ecd00000|100%| E|CS|TAMS 0x00000000ecc00000, 0x00000000ecc00000| Complete 
| 205|0x00000000ecd00000, 0x00000000ece00000, 0x00000000ece00000|100%| E|CS|TAMS 0x00000000ecd00000, 0x00000000ecd00000| Complete 
| 206|0x00000000ece00000, 0x00000000ecf00000, 0x00000000ecf00000|100%| E|CS|TAMS 0x00000000ece00000, 0x00000000ece00000| Complete 
| 207|0x00000000ecf00000, 0x00000000ed000000, 0x00000000ed000000|100%| E|CS|TAMS 0x00000000ecf00000, 0x00000000ecf00000| Complete 
| 208|0x00000000ed000000, 0x00000000ed100000, 0x00000000ed100000|100%| E|CS|TAMS 0x00000000ed000000, 0x00000000ed000000| Complete 
| 209|0x00000000ed100000, 0x00000000ed200000, 0x00000000ed200000|100%| E|CS|TAMS 0x00000000ed100000, 0x00000000ed100000| Complete 
| 210|0x00000000ed200000, 0x00000000ed300000, 0x00000000ed300000|100%| E|CS|TAMS 0x00000000ed200000, 0x00000000ed200000| Complete 
| 211|0x00000000ed300000, 0x00000000ed400000, 0x00000000ed400000|100%| E|CS|TAMS 0x00000000ed300000, 0x00000000ed300000| Complete 
| 212|0x00000000ed400000, 0x00000000ed500000, 0x00000000ed500000|100%| E|CS|TAMS 0x00000000ed400000, 0x00000000ed400000| Complete 
| 213|0x00000000ed500000, 0x00000000ed600000, 0x00000000ed600000|100%| E|CS|TAMS 0x00000000ed500000, 0x00000000ed500000| Complete 
| 214|0x00000000ed600000, 0x00000000ed700000, 0x00000000ed700000|100%| E|CS|TAMS 0x00000000ed600000, 0x00000000ed600000| Complete 
| 215|0x00000000ed700000, 0x00000000ed800000, 0x00000000ed800000|100%| E|CS|TAMS 0x00000000ed700000, 0x00000000ed700000| Complete 
| 216|0x00000000ed800000, 0x00000000ed900000, 0x00000000ed900000|100%| E|CS|TAMS 0x00000000ed800000, 0x00000000ed800000| Complete 
| 217|0x00000000ed900000, 0x00000000eda00000, 0x00000000eda00000|100%| E|CS|TAMS 0x00000000ed900000, 0x00000000ed900000| Complete 
| 218|0x00000000eda00000, 0x00000000edb00000, 0x00000000edb00000|100%| E|CS|TAMS 0x00000000eda00000, 0x00000000eda00000| Complete 
| 219|0x00000000edb00000, 0x00000000edc00000, 0x00000000edc00000|100%| E|CS|TAMS 0x00000000edb00000, 0x00000000edb00000| Complete 
| 220|0x00000000edc00000, 0x00000000edd00000, 0x00000000edd00000|100%| E|CS|TAMS 0x00000000edc00000, 0x00000000edc00000| Complete 
| 221|0x00000000edd00000, 0x00000000ede00000, 0x00000000ede00000|100%| E|CS|TAMS 0x00000000edd00000, 0x00000000edd00000| Complete 
| 222|0x00000000ede00000, 0x00000000edf00000, 0x00000000edf00000|100%| E|CS|TAMS 0x00000000ede00000, 0x00000000ede00000| Complete 
| 223|0x00000000edf00000, 0x00000000ee000000, 0x00000000ee000000|100%| E|CS|TAMS 0x00000000edf00000, 0x00000000edf00000| Complete 
| 224|0x00000000ee000000, 0x00000000ee100000, 0x00000000ee100000|100%| E|CS|TAMS 0x00000000ee000000, 0x00000000ee000000| Complete 
| 225|0x00000000ee100000, 0x00000000ee200000, 0x00000000ee200000|100%| E|CS|TAMS 0x00000000ee100000, 0x00000000ee100000| Complete 
| 226|0x00000000ee200000, 0x00000000ee300000, 0x00000000ee300000|100%| E|CS|TAMS 0x00000000ee200000, 0x00000000ee200000| Complete 
| 227|0x00000000ee300000, 0x00000000ee400000, 0x00000000ee400000|100%| E|CS|TAMS 0x00000000ee300000, 0x00000000ee300000| Complete 
| 228|0x00000000ee400000, 0x00000000ee500000, 0x00000000ee500000|100%| E|CS|TAMS 0x00000000ee400000, 0x00000000ee400000| Complete 
| 229|0x00000000ee500000, 0x00000000ee600000, 0x00000000ee600000|100%| E|CS|TAMS 0x00000000ee500000, 0x00000000ee500000| Complete 
| 230|0x00000000ee600000, 0x00000000ee700000, 0x00000000ee700000|100%| E|CS|TAMS 0x00000000ee600000, 0x00000000ee600000| Complete 
| 231|0x00000000ee700000, 0x00000000ee800000, 0x00000000ee800000|100%| E|CS|TAMS 0x00000000ee700000, 0x00000000ee700000| Complete 
| 232|0x00000000ee800000, 0x00000000ee900000, 0x00000000ee900000|100%| E|CS|TAMS 0x00000000ee800000, 0x00000000ee800000| Complete 
| 233|0x00000000ee900000, 0x00000000eea00000, 0x00000000eea00000|100%| E|CS|TAMS 0x00000000ee900000, 0x00000000ee900000| Complete 
| 234|0x00000000eea00000, 0x00000000eeb00000, 0x00000000eeb00000|100%| E|CS|TAMS 0x00000000eea00000, 0x00000000eea00000| Complete 
| 235|0x00000000eeb00000, 0x00000000eec00000, 0x00000000eec00000|100%| E|CS|TAMS 0x00000000eeb00000, 0x00000000eeb00000| Complete 
| 236|0x00000000eec00000, 0x00000000eed00000, 0x00000000eed00000|100%| E|CS|TAMS 0x00000000eec00000, 0x00000000eec00000| Complete 
| 237|0x00000000eed00000, 0x00000000eee00000, 0x00000000eee00000|100%| E|CS|TAMS 0x00000000eed00000, 0x00000000eed00000| Complete 
| 238|0x00000000eee00000, 0x00000000eef00000, 0x00000000eef00000|100%| E|CS|TAMS 0x00000000eee00000, 0x00000000eee00000| Complete 
| 239|0x00000000eef00000, 0x00000000ef000000, 0x00000000ef000000|100%| E|CS|TAMS 0x00000000eef00000, 0x00000000eef00000| Complete 
| 240|0x00000000ef000000, 0x00000000ef100000, 0x00000000ef100000|100%| E|CS|TAMS 0x00000000ef000000, 0x00000000ef000000| Complete 
| 241|0x00000000ef100000, 0x00000000ef200000, 0x00000000ef200000|100%| E|CS|TAMS 0x00000000ef100000, 0x00000000ef100000| Complete 
| 242|0x00000000ef200000, 0x00000000ef300000, 0x00000000ef300000|100%| E|CS|TAMS 0x00000000ef200000, 0x00000000ef200000| Complete 
| 243|0x00000000ef300000, 0x00000000ef400000, 0x00000000ef400000|100%| E|CS|TAMS 0x00000000ef300000, 0x00000000ef300000| Complete 
| 244|0x00000000ef400000, 0x00000000ef500000, 0x00000000ef500000|100%| E|CS|TAMS 0x00000000ef400000, 0x00000000ef400000| Complete 
| 245|0x00000000ef500000, 0x00000000ef600000, 0x00000000ef600000|100%| E|CS|TAMS 0x00000000ef500000, 0x00000000ef500000| Complete 
| 246|0x00000000ef600000, 0x00000000ef700000, 0x00000000ef700000|100%| E|CS|TAMS 0x00000000ef600000, 0x00000000ef600000| Complete 
| 247|0x00000000ef700000, 0x00000000ef800000, 0x00000000ef800000|100%| E|CS|TAMS 0x00000000ef700000, 0x00000000ef700000| Complete 
| 248|0x00000000ef800000, 0x00000000ef900000, 0x00000000ef900000|100%| E|CS|TAMS 0x00000000ef800000, 0x00000000ef800000| Complete 
| 249|0x00000000ef900000, 0x00000000efa00000, 0x00000000efa00000|100%| E|CS|TAMS 0x00000000ef900000, 0x00000000ef900000| Complete 
| 250|0x00000000efa00000, 0x00000000efb00000, 0x00000000efb00000|100%| E|CS|TAMS 0x00000000efa00000, 0x00000000efa00000| Complete 
| 251|0x00000000efb00000, 0x00000000efc00000, 0x00000000efc00000|100%| E|CS|TAMS 0x00000000efb00000, 0x00000000efb00000| Complete 
| 252|0x00000000efc00000, 0x00000000efd00000, 0x00000000efd00000|100%| E|CS|TAMS 0x00000000efc00000, 0x00000000efc00000| Complete 
| 253|0x00000000efd00000, 0x00000000efe00000, 0x00000000efe00000|100%| E|CS|TAMS 0x00000000efd00000, 0x00000000efd00000| Complete 
| 254|0x00000000efe00000, 0x00000000eff00000, 0x00000000eff00000|100%| E|CS|TAMS 0x00000000efe00000, 0x00000000efe00000| Complete 
| 255|0x00000000eff00000, 0x00000000f0000000, 0x00000000f0000000|100%| E|CS|TAMS 0x00000000eff00000, 0x00000000eff00000| Complete 

Card table byte_map: [0x000001f431860000,0x000001f431960000] _byte_map_base: 0x000001f431160000

Marking Bits (Prev, Next): (CMBitMap*) 0x000001f41a988860, (CMBitMap*) 0x000001f41a9888a0
 Prev Bits: [0x000001f431a60000, 0x000001f432260000)
 Next Bits: [0x000001f432260000, 0x000001f432a60000)

Polling page: 0x000001f4188a0000

Metaspace:

Usage:
  Non-class:     76.77 MB used.
      Class:     11.76 MB used.
       Both:     88.53 MB used.

Virtual space:
  Non-class space:      128.00 MB reserved,      77.69 MB ( 61%) committed,  2 nodes.
      Class space:      320.00 MB reserved,      12.50 MB (  4%) committed,  1 nodes.
             Both:      448.00 MB reserved,      90.19 MB ( 20%) committed. 

Chunk freelists:
   Non-Class:  1.55 MB
       Class:  3.50 MB
        Both:  5.05 MB

MaxMetaspaceSize: 384.00 MB
CompressedClassSpaceSize: 320.00 MB
Initial GC threshold: 21.00 MB
Current GC threshold: 141.38 MB
CDS: on
MetaspaceReclaimPolicy: balanced
 - commit_granule_bytes: 65536.
 - commit_granule_words: 8192.
 - virtual_space_node_default_size: 8388608.
 - enlarge_chunks_in_place: 1.
 - new_chunks_are_fully_committed: 0.
 - uncommit_free_chunks: 1.
 - use_allocation_guard: 0.
 - handle_deallocations: 1.


Internal statistics:

num_allocs_failed_limit: 9.
num_arena_births: 2858.
num_arena_deaths: 306.
num_vsnodes_births: 3.
num_vsnodes_deaths: 0.
num_space_committed: 1482.
num_space_uncommitted: 39.
num_chunks_returned_to_freelist: 582.
num_chunks_taken_from_freelist: 7796.
num_chunk_merges: 186.
num_chunk_splits: 4385.
num_chunks_enlarged: 2136.
num_inconsistent_stats: 0.

CodeHeap 'non-profiled nmethods': size=120000Kb used=18715Kb max_used=18715Kb free=101284Kb
 bounds [0x000001f429ce0000, 0x000001f42af30000, 0x000001f431210000]
CodeHeap 'profiled nmethods': size=120000Kb used=35350Kb max_used=35350Kb free=84649Kb
 bounds [0x000001f422210000, 0x000001f4244a0000, 0x000001f429740000]
CodeHeap 'non-nmethods': size=5760Kb used=2377Kb max_used=2462Kb free=3382Kb
 bounds [0x000001f429740000, 0x000001f4299c0000, 0x000001f429ce0000]
 total_blobs=19100 nmethods=18201 adapters=810
 compilation: enabled
              stopped_count=0, restarted_count=0
 full_count=0

Compilation events (20 events):
Event: 19215.005 Thread 0x000001f4356c76d0 22709       3       io.spring.gradle.dependencymanagement.internal.VersionConfiguringAction$CachingLocalProjects::<init> (18 bytes)
Event: 19215.005 Thread 0x000001f4356c76d0 nmethod 22709 0x000001f424496010 code [0x000001f4244961c0, 0x000001f424496558]
Event: 19215.005 Thread 0x000001f4356c76d0 22708       3       io.spring.gradle.dependencymanagement.internal.ExclusionConfiguringAction::<init> (38 bytes)
Event: 19215.006 Thread 0x000001f4356c76d0 nmethod 22708 0x000001f424496690 code [0x000001f424496840, 0x000001f424496bd8]
Event: 19215.006 Thread 0x000001f4356c76d0 22710       3       io.spring.gradle.dependencymanagement.internal.VersionConfiguringAction$StandardLocalProjects::<init> (6 bytes)
Event: 19215.006 Thread 0x000001f4356c76d0 nmethod 22710 0x000001f424496c90 code [0x000001f424496e40, 0x000001f424497058]
Event: 19215.006 Thread 0x000001f4356c76d0 22711       3       io.spring.gradle.dependencymanagement.internal.VersionConfiguringAction$StandardLocalProjects::<init> (10 bytes)
Event: 19215.006 Thread 0x000001f4356c76d0 nmethod 22711 0x000001f424497190 code [0x000001f424497320, 0x000001f4244974d8]
Event: 19215.006 Thread 0x000001f4356c76d0 22712       3       io.spring.gradle.dependencymanagement.internal.DependencyManagementApplier::configureMavenExclusions (36 bytes)
Event: 19215.006 Thread 0x000001f4356c76d0 nmethod 22712 0x000001f424497590 code [0x000001f4244977a0, 0x000001f424497e58]
Event: 19215.006 Thread 0x000001f4356c76d0 22713       3       org.gradle.model.internal.type.ClassTypeWrapper::getRawClass (5 bytes)
Event: 19215.006 Thread 0x000001f4356c76d0 nmethod 22713 0x000001f424498110 code [0x000001f4244982c0, 0x000001f4244985f8]
Event: 19215.007 Thread 0x000001f4356c76d0 22714       3       org.gradle.api.internal.collections.FilteredElementSource$FilteringIterator::hasNext (13 bytes)
Event: 19215.007 Thread 0x000001f4356c76d0 nmethod 22714 0x000001f424498710 code [0x000001f4244988a0, 0x000001f424498a18]
Event: 19215.007 Thread 0x000001f4356c76d0 22715       3       org.gradle.api.internal.provider.ProviderInternal::withSideEffect (6 bytes)
Event: 19215.008 Thread 0x000001f4356c76d0 nmethod 22715 0x000001f424498a90 code [0x000001f424498c60, 0x000001f424499058]
Event: 19215.008 Thread 0x000001f4356c76d0 22717       3       org.gradle.internal.properties.bean.DefaultPropertyWalker$ImplementationPropertyValue::getTaskDependencies (4 bytes)
Event: 19215.008 Thread 0x000001f4356c76d0 nmethod 22717 0x000001f424499190 code [0x000001f424499320, 0x000001f424499438]
Event: 19215.008 Thread 0x000001f4356c76d0 22716       3       org.gradle.api.internal.provider.WithSideEffectProvider::of (18 bytes)
Event: 19215.008 Thread 0x000001f4356c76d0 nmethod 22716 0x000001f424499510 code [0x000001f4244996c0, 0x000001f424499a38]

GC Heap History (20 events):
Event: 12922.566 GC heap after
{Heap after GC invocations=37 (full 0):
 garbage-first heap   total 262144K, used 113025K [0x00000000e0000000, 0x0000000100000000)
  region size 1024K, 1 young (1024K), 1 survivors (1024K)
 Metaspace       used 85221K, committed 87104K, reserved 458752K
  class space    used 11464K, committed 12480K, reserved 327680K
}
Event: 13188.448 GC heap before
{Heap before GC invocations=37 (full 0):
 garbage-first heap   total 262144K, used 124289K [0x00000000e0000000, 0x0000000100000000)
  region size 1024K, 12 young (12288K), 1 survivors (1024K)
 Metaspace       used 85233K, committed 87104K, reserved 458752K
  class space    used 11465K, committed 12480K, reserved 327680K
}
Event: 13188.454 GC heap after
{Heap after GC invocations=38 (full 0):
 garbage-first heap   total 262144K, used 100775K [0x00000000e0000000, 0x0000000100000000)
  region size 1024K, 1 young (1024K), 1 survivors (1024K)
 Metaspace       used 85233K, committed 87104K, reserved 458752K
  class space    used 11465K, committed 12480K, reserved 327680K
}
Event: 13188.932 GC heap before
{Heap before GC invocations=38 (full 0):
 garbage-first heap   total 262144K, used 212391K [0x00000000e0000000, 0x0000000100000000)
  region size 1024K, 110 young (112640K), 1 survivors (1024K)
 Metaspace       used 85397K, committed 87232K, reserved 458752K
  class space    used 11472K, committed 12480K, reserved 327680K
}
Event: 13188.937 GC heap after
{Heap after GC invocations=39 (full 0):
 garbage-first heap   total 262144K, used 112140K [0x00000000e0000000, 0x0000000100000000)
  region size 1024K, 11 young (11264K), 11 survivors (11264K)
 Metaspace       used 85397K, committed 87232K, reserved 458752K
  class space    used 11472K, committed 12480K, reserved 327680K
}
Event: 13472.599 GC heap before
{Heap before GC invocations=39 (full 0):
 garbage-first heap   total 262144K, used 210444K [0x00000000e0000000, 0x0000000100000000)
  region size 1024K, 108 young (110592K), 11 survivors (11264K)
 Metaspace       used 87096K, committed 88768K, reserved 458752K
  class space    used 11661K, committed 12480K, reserved 327680K
}
Event: 13472.601 GC heap after
{Heap after GC invocations=40 (full 0):
 garbage-first heap   total 262144K, used 106709K [0x00000000e0000000, 0x0000000100000000)
  region size 1024K, 5 young (5120K), 5 survivors (5120K)
 Metaspace       used 87096K, committed 88768K, reserved 458752K
  class space    used 11661K, committed 12480K, reserved 327680K
}
Event: 13473.083 GC heap before
{Heap before GC invocations=40 (full 0):
 garbage-first heap   total 262144K, used 212181K [0x00000000e0000000, 0x0000000100000000)
  region size 1024K, 108 young (110592K), 5 survivors (5120K)
 Metaspace       used 87210K, committed 88896K, reserved 458752K
  class space    used 11670K, committed 12480K, reserved 327680K
}
Event: 13473.088 GC heap after
{Heap after GC invocations=41 (full 0):
 garbage-first heap   total 262144K, used 114523K [0x00000000e0000000, 0x0000000100000000)
  region size 1024K, 12 young (12288K), 12 survivors (12288K)
 Metaspace       used 87210K, committed 88896K, reserved 458752K
  class space    used 11670K, committed 12480K, reserved 327680K
}
Event: 13903.290 GC heap before
{Heap before GC invocations=41 (full 0):
 garbage-first heap   total 262144K, used 209755K [0x00000000e0000000, 0x0000000100000000)
  region size 1024K, 106 young (108544K), 12 survivors (12288K)
 Metaspace       used 88826K, committed 90432K, reserved 458752K
  class space    used 11854K, committed 12608K, reserved 327680K
}
Event: 13903.293 GC heap after
{Heap after GC invocations=42 (full 0):
 garbage-first heap   total 262144K, used 108377K [0x00000000e0000000, 0x0000000100000000)
  region size 1024K, 5 young (5120K), 5 survivors (5120K)
 Metaspace       used 88826K, committed 90432K, reserved 458752K
  class space    used 11854K, committed 12608K, reserved 327680K
}
Event: 14071.597 GC heap before
{Heap before GC invocations=42 (full 0):
 garbage-first heap   total 262144K, used 210777K [0x00000000e0000000, 0x0000000100000000)
  region size 1024K, 106 young (108544K), 5 survivors (5120K)
 Metaspace       used 88881K, committed 90496K, reserved 458752K
  class space    used 11854K, committed 12608K, reserved 327680K
}
Event: 14071.598 GC heap after
{Heap after GC invocations=43 (full 0):
 garbage-first heap   total 262144K, used 106125K [0x00000000e0000000, 0x0000000100000000)
  region size 1024K, 2 young (2048K), 2 survivors (2048K)
 Metaspace       used 88881K, committed 90496K, reserved 458752K
  class space    used 11854K, committed 12608K, reserved 327680K
}
Event: 14915.608 GC heap before
{Heap before GC invocations=43 (full 0):
 garbage-first heap   total 262144K, used 214669K [0x00000000e0000000, 0x0000000100000000)
  region size 1024K, 109 young (111616K), 2 survivors (2048K)
 Metaspace       used 88905K, committed 90496K, reserved 458752K
  class space    used 11855K, committed 12608K, reserved 327680K
}
Event: 14915.616 GC heap after
{Heap after GC invocations=44 (full 0):
 garbage-first heap   total 262144K, used 109984K [0x00000000e0000000, 0x0000000100000000)
  region size 1024K, 6 young (6144K), 6 survivors (6144K)
 Metaspace       used 88905K, committed 90496K, reserved 458752K
  class space    used 11855K, committed 12608K, reserved 327680K
}
Event: 18336.722 GC heap before
{Heap before GC invocations=44 (full 0):
 garbage-first heap   total 262144K, used 217504K [0x00000000e0000000, 0x0000000100000000)
  region size 1024K, 111 young (113664K), 6 survivors (6144K)
 Metaspace       used 88942K, committed 90560K, reserved 458752K
  class space    used 11855K, committed 12608K, reserved 327680K
}
Event: 18336.725 GC heap after
{Heap after GC invocations=45 (full 0):
 garbage-first heap   total 262144K, used 108545K [0x00000000e0000000, 0x0000000100000000)
  region size 1024K, 5 young (5120K), 5 survivors (5120K)
 Metaspace       used 88942K, committed 90560K, reserved 458752K
  class space    used 11855K, committed 12608K, reserved 327680K
}
Event: 18337.260 GC heap before
{Heap before GC invocations=45 (full 0):
 garbage-first heap   total 262144K, used 217089K [0x00000000e0000000, 0x0000000100000000)
  region size 1024K, 111 young (113664K), 5 survivors (5120K)
 Metaspace       used 89377K, committed 91008K, reserved 458752K
  class space    used 11884K, committed 12672K, reserved 327680K
}
Event: 18337.272 GC heap after
{Heap after GC invocations=46 (full 0):
 garbage-first heap   total 262144K, used 123928K [0x00000000e0000000, 0x0000000100000000)
  region size 1024K, 14 young (14336K), 14 survivors (14336K)
 Metaspace       used 89377K, committed 91008K, reserved 458752K
  class space    used 11884K, committed 12672K, reserved 327680K
}
Event: 19215.030 GC heap before
{Heap before GC invocations=46 (full 0):
 garbage-first heap   total 262144K, used 208920K [0x00000000e0000000, 0x0000000100000000)
  region size 1024K, 98 young (100352K), 14 survivors (14336K)
 Metaspace       used 90659K, committed 92352K, reserved 458752K
  class space    used 12046K, committed 12800K, reserved 327680K
}

Deoptimization events (20 events):
Event: 18337.556 Thread 0x000001f453ab3f50 DEOPT PACKING pc=0x000001f42a6f3e94 sp=0x000000517cbf90e0
Event: 18337.556 Thread 0x000001f453ab3f50 DEOPT UNPACKING pc=0x000001f4297923a3 sp=0x000000517cbf9040 mode 2
Event: 18337.565 Thread 0x000001f453ab3f50 Uncommon trap: trap_request=0xffffff45 fr.pc=0x000001f42aeff8c4 relative=0x0000000000000fa4
Event: 18337.565 Thread 0x000001f453ab3f50 Uncommon trap: reason=unstable_if action=reinterpret pc=0x000001f42aeff8c4 method=lombok.launch.PackageShader.apply([B)Z @ 190 c2
Event: 18337.565 Thread 0x000001f453ab3f50 DEOPT PACKING pc=0x000001f42aeff8c4 sp=0x000000517cbf90e0
Event: 18337.565 Thread 0x000001f453ab3f50 DEOPT UNPACKING pc=0x000001f4297923a3 sp=0x000000517cbf90b0 mode 2
Event: 18337.565 Thread 0x000001f453ab3f50 Uncommon trap: trap_request=0xffffff45 fr.pc=0x000001f42aefa0c4 relative=0x0000000000000904
Event: 18337.565 Thread 0x000001f453ab3f50 Uncommon trap: reason=unstable_if action=reinterpret pc=0x000001f42aefa0c4 method=lombok.launch.PackageShader.apply([B)Z @ 190 c2
Event: 18337.565 Thread 0x000001f453ab3f50 DEOPT PACKING pc=0x000001f42aefa0c4 sp=0x000000517cbf9120
Event: 18337.565 Thread 0x000001f453ab3f50 DEOPT UNPACKING pc=0x000001f4297923a3 sp=0x000000517cbf90b0 mode 2
Event: 18454.304 Thread 0x000001f450b97d50 Uncommon trap: trap_request=0xffffff45 fr.pc=0x000001f42a826bb0 relative=0x0000000000000290
Event: 18454.304 Thread 0x000001f450b97d50 Uncommon trap: reason=unstable_if action=reinterpret pc=0x000001f42a826bb0 method=java.net.InetAddress.getByAddress(Ljava/lang/String;[B)Ljava/net/InetAddress; @ 55 c2
Event: 18454.304 Thread 0x000001f450b97d50 DEOPT PACKING pc=0x000001f42a826bb0 sp=0x0000005172dfed60
Event: 18454.304 Thread 0x000001f450b97d50 DEOPT UNPACKING pc=0x000001f4297923a3 sp=0x0000005172dfed10 mode 2
Event: 19214.725 Thread 0x000001f4549a9f20 Uncommon trap: trap_request=0xfffffff4 fr.pc=0x000001f42a556084 relative=0x0000000000000084
Event: 19214.725 Thread 0x000001f4549a9f20 Uncommon trap: reason=null_check action=make_not_entrant pc=0x000001f42a556084 method=java.lang.Integer.equals(Ljava/lang/Object;)Z @ 1 c2
Event: 19214.725 Thread 0x000001f4549a9f20 DEOPT PACKING pc=0x000001f42a556084 sp=0x00000051725fb580
Event: 19214.725 Thread 0x000001f4549a9f20 DEOPT UNPACKING pc=0x000001f4297923a3 sp=0x00000051725fb520 mode 2
Event: 19214.733 Thread 0x000001f4549a9f20 DEOPT PACKING pc=0x000001f423a2e14c sp=0x00000051725fb7a0
Event: 19214.733 Thread 0x000001f4549a9f20 DEOPT UNPACKING pc=0x000001f429792b43 sp=0x00000051725fac40 mode 0

Classes unloaded (20 events):
Event: 12862.568 Thread 0x000001f4356a0aa0 Unloading class 0x000001f4371ee400 'java/lang/invoke/LambdaForm$MH+0x000001f4371ee400'
Event: 12862.568 Thread 0x000001f4356a0aa0 Unloading class 0x000001f4371ee000 'java/lang/invoke/LambdaForm$MH+0x000001f4371ee000'
Event: 12862.568 Thread 0x000001f4356a0aa0 Unloading class 0x000001f4371edc00 'java/lang/invoke/LambdaForm$MH+0x000001f4371edc00'
Event: 12862.568 Thread 0x000001f4356a0aa0 Unloading class 0x000001f4371ed800 'java/lang/invoke/LambdaForm$MH+0x000001f4371ed800'
Event: 12862.568 Thread 0x000001f4356a0aa0 Unloading class 0x000001f4371ec800 'java/lang/invoke/LambdaForm$MH+0x000001f4371ec800'
Event: 12862.568 Thread 0x000001f4356a0aa0 Unloading class 0x000001f4371ec400 'java/lang/invoke/LambdaForm$BMH+0x000001f4371ec400'
Event: 12862.568 Thread 0x000001f4356a0aa0 Unloading class 0x000001f43713ec00 'jdk/internal/reflect/GeneratedSerializationConstructorAccessor11'
Event: 12862.568 Thread 0x000001f4356a0aa0 Unloading class 0x000001f43713e400 'jdk/internal/reflect/GeneratedSerializationConstructorAccessor9'
Event: 12862.568 Thread 0x000001f4356a0aa0 Unloading class 0x000001f437114800 'java/lang/invoke/LambdaForm$DMH+0x000001f437114800'
Event: 12862.568 Thread 0x000001f4356a0aa0 Unloading class 0x000001f437114000 'java/lang/invoke/LambdaForm$DMH+0x000001f437114000'
Event: 12862.568 Thread 0x000001f4356a0aa0 Unloading class 0x000001f4370e2000 'java/lang/invoke/LambdaForm$MH+0x000001f4370e2000'
Event: 12862.568 Thread 0x000001f4356a0aa0 Unloading class 0x000001f4370e1800 'java/lang/invoke/LambdaForm$MH+0x000001f4370e1800'
Event: 12862.568 Thread 0x000001f4356a0aa0 Unloading class 0x000001f4370e1400 'java/lang/invoke/LambdaForm$MH+0x000001f4370e1400'
Event: 12862.568 Thread 0x000001f4356a0aa0 Unloading class 0x000001f4370e1000 'java/lang/invoke/LambdaForm$MH+0x000001f4370e1000'
Event: 12862.568 Thread 0x000001f4356a0aa0 Unloading class 0x000001f4370e0c00 'java/lang/invoke/LambdaForm$MH+0x000001f4370e0c00'
Event: 12862.568 Thread 0x000001f4356a0aa0 Unloading class 0x000001f4370e0400 'java/lang/invoke/LambdaForm$MH+0x000001f4370e0400'
Event: 12862.568 Thread 0x000001f4356a0aa0 Unloading class 0x000001f43703c400 'java/lang/invoke/LambdaForm$DMH+0x000001f43703c400'
Event: 12862.568 Thread 0x000001f4356a0aa0 Unloading class 0x000001f437036800 'java/lang/invoke/LambdaForm$MH+0x000001f437036800'
Event: 12862.568 Thread 0x000001f4356a0aa0 Unloading class 0x000001f437036400 'java/lang/invoke/LambdaForm$MH+0x000001f437036400'
Event: 12862.568 Thread 0x000001f4356a0aa0 Unloading class 0x000001f437034000 'java/lang/invoke/LambdaForm$MH+0x000001f437034000'

Classes redefined (0 events):
No events

Internal exceptions (20 events):
Event: 18337.528 Thread 0x000001f453ab3f50 Exception <a 'sun/nio/fs/WindowsException'{0x00000000ee2e4d28}> (0x00000000ee2e4d28) 
thrown [s\open\src\hotspot\share\prims\jni.cpp, line 516]
Event: 18337.532 Thread 0x000001f453ab3f50 Exception <a 'sun/nio/fs/WindowsException'{0x00000000ee0a7980}> (0x00000000ee0a7980) 
thrown [s\open\src\hotspot\share\prims\jni.cpp, line 516]
Event: 18337.532 Thread 0x000001f453ab3f50 Exception <a 'sun/nio/fs/WindowsException'{0x00000000ee0a7ca0}> (0x00000000ee0a7ca0) 
thrown [s\open\src\hotspot\share\prims\jni.cpp, line 516]
Event: 18337.533 Thread 0x000001f453ab3f50 Exception <a 'sun/nio/fs/WindowsException'{0x00000000ee0c0b80}> (0x00000000ee0c0b80) 
thrown [s\open\src\hotspot\share\prims\jni.cpp, line 516]
Event: 18337.533 Thread 0x000001f453ab3f50 Exception <a 'sun/nio/fs/WindowsException'{0x00000000ee0c0e80}> (0x00000000ee0c0e80) 
thrown [s\open\src\hotspot\share\prims\jni.cpp, line 516]
Event: 18337.534 Thread 0x000001f453ab3f50 Exception <a 'sun/nio/fs/WindowsException'{0x00000000ee0d1138}> (0x00000000ee0d1138) 
thrown [s\open\src\hotspot\share\prims\jni.cpp, line 516]
Event: 18337.534 Thread 0x000001f453ab3f50 Exception <a 'sun/nio/fs/WindowsException'{0x00000000ee0d1468}> (0x00000000ee0d1468) 
thrown [s\open\src\hotspot\share\prims\jni.cpp, line 516]
Event: 18337.556 Thread 0x000001f453ab3f50 Exception <a 'sun/nio/fs/WindowsException'{0x00000000edc25990}> (0x00000000edc25990) 
thrown [s\open\src\hotspot\share\prims\jni.cpp, line 516]
Event: 18337.558 Thread 0x000001f453ab3f50 Exception <a 'sun/nio/fs/WindowsException'{0x00000000edc3f060}> (0x00000000edc3f060) 
thrown [s\open\src\hotspot\share\prims\jni.cpp, line 516]
Event: 18337.559 Thread 0x000001f453ab3f50 Exception <a 'sun/nio/fs/WindowsException'{0x00000000edc56a98}> (0x00000000edc56a98) 
thrown [s\open\src\hotspot\share\prims\jni.cpp, line 516]
Event: 19214.725 Thread 0x000001f4549a9f20 Implicit null exception at 0x000001f42a55602c to 0x000001f42a556074
Event: 19214.734 Thread 0x000001f4549a9f20 Exception <a 'sun/nio/fs/WindowsException'{0x00000000ed1d1d60}> (0x00000000ed1d1d60) 
thrown [s\open\src\hotspot\share\prims\jni.cpp, line 516]
Event: 19214.734 Thread 0x000001f4549a9f20 Exception <a 'sun/nio/fs/WindowsException'{0x00000000ed1d1fe0}> (0x00000000ed1d1fe0) 
thrown [s\open\src\hotspot\share\prims\jni.cpp, line 516]
Event: 19214.965 Thread 0x000001f4549a9f20 Exception <a 'sun/nio/fs/WindowsException'{0x00000000eb95c228}> (0x00000000eb95c228) 
thrown [s\open\src\hotspot\share\prims\jni.cpp, line 516]
Event: 19214.965 Thread 0x000001f4549a9f20 Exception <a 'sun/nio/fs/WindowsException'{0x00000000eb95d690}> (0x00000000eb95d690) 
thrown [s\open\src\hotspot\share\prims\jni.cpp, line 516]
Event: 19214.966 Thread 0x000001f4549a9f20 Exception <a 'sun/nio/fs/WindowsException'{0x00000000eb95eaf8}> (0x00000000eb95eaf8) 
thrown [s\open\src\hotspot\share\prims\jni.cpp, line 516]
Event: 19214.966 Thread 0x000001f4549a9f20 Exception <a 'sun/nio/fs/WindowsException'{0x00000000eb95ff38}> (0x00000000eb95ff38) 
thrown [s\open\src\hotspot\share\prims\jni.cpp, line 516]
Event: 19215.004 Thread 0x000001f4549a9f20 Exception <a 'java/lang/NoClassDefFoundError'{0x00000000eb3937e8}: org/jetbrains/kotlin/gradle/plugin/KotlinPluginWrapper> (0x00000000eb3937e8) 
thrown [s\open\src\hotspot\share\oops\constantPool.cpp, line 837]
Event: 19215.004 Thread 0x000001f4549a9f20 Exception <a 'java/lang/NoClassDefFoundError'{0x00000000eb3958e0}: org/graalvm/buildtools/gradle/NativeImagePlugin> (0x00000000eb3958e0) 
thrown [s\open\src\hotspot\share\oops\constantPool.cpp, line 837]
Event: 19215.005 Thread 0x000001f4549a9f20 Exception <a 'java/lang/NoClassDefFoundError'{0x00000000eb3979c8}: org/cyclonedx/gradle/CycloneDxPlugin> (0x00000000eb3979c8) 
thrown [s\open\src\hotspot\share\oops\constantPool.cpp, line 837]

VM Operations (20 events):
Event: 16236.270 Executing VM operation: Cleanup done
Event: 17701.720 Executing VM operation: Cleanup
Event: 17701.721 Executing VM operation: Cleanup done
Event: 18334.993 Executing VM operation: Cleanup
Event: 18334.993 Executing VM operation: Cleanup done
Event: 18336.722 Executing VM operation: G1CollectForAllocation
Event: 18336.725 Executing VM operation: G1CollectForAllocation done
Event: 18337.150 Executing VM operation: HandshakeAllThreads
Event: 18337.150 Executing VM operation: HandshakeAllThreads done
Event: 18337.260 Executing VM operation: G1CollectForAllocation
Event: 18337.272 Executing VM operation: G1CollectForAllocation done
Event: 18338.272 Executing VM operation: Cleanup
Event: 18338.273 Executing VM operation: Cleanup done
Event: 18455.142 Executing VM operation: Cleanup
Event: 18455.142 Executing VM operation: Cleanup done
Event: 19214.732 Executing VM operation: HandshakeAllThreads
Event: 19214.733 Executing VM operation: HandshakeAllThreads done
Event: 19214.733 Executing VM operation: Cleanup
Event: 19214.733 Executing VM operation: Cleanup done
Event: 19215.030 Executing VM operation: G1CollectForAllocation

Events (20 events):
Event: 19214.996 Thread 0x000001f452147b90 Thread added: 0x000001f452147b90
Event: 19214.996 Thread 0x000001f4521485b0 Thread added: 0x000001f4521485b0
Event: 19214.996 Thread 0x000001f452148ac0 Thread added: 0x000001f452148ac0
Event: 19214.996 Thread 0x000001f452148fd0 Thread added: 0x000001f452148fd0
Event: 19214.996 Thread 0x000001f4521494e0 Thread added: 0x000001f4521494e0
Event: 19214.996 Thread 0x000001f452146c60 Thread added: 0x000001f452146c60
Event: 19214.997 Thread 0x000001f452145d30 Thread added: 0x000001f452145d30
Event: 19214.997 Thread 0x000001f452146240 Thread added: 0x000001f452146240
Event: 19215.014 Thread 0x000001f452146750 Thread added: 0x000001f452146750
Event: 19215.015 Thread 0x000001f4554ea1c0 Thread added: 0x000001f4554ea1c0
Event: 19215.017 Thread 0x000001f4554e97a0 Thread added: 0x000001f4554e97a0
Event: 19215.018 Thread 0x000001f4554ea6d0 Thread added: 0x000001f4554ea6d0
Event: 19215.020 Thread 0x000001f4554e9290 Thread added: 0x000001f4554e9290
Event: 19215.021 Thread 0x000001f4554e7e50 Thread added: 0x000001f4554e7e50
Event: 19215.022 Thread 0x000001f4554eb0f0 Thread added: 0x000001f4554eb0f0
Event: 19215.024 Thread 0x000001f4554e8360 Thread added: 0x000001f4554e8360
Event: 19215.025 Thread 0x000001f4554eb600 Thread added: 0x000001f4554eb600
Event: 19215.027 Thread 0x000001f4554e8870 Thread added: 0x000001f4554e8870
Event: 19215.028 Thread 0x000001f4554e8d80 Thread added: 0x000001f4554e8d80
Event: 19215.030 Thread 0x000001f4554e9cb0 Thread added: 0x000001f4554e9cb0


Dynamic libraries:
0x00007ff6e55c0000 - 0x00007ff6e55d0000 	C:\DevTool\jdk-17\bin\java.exe
0x00007ffb30b00000 - 0x00007ffb30d69000 	C:\WINDOWS\SYSTEM32\ntdll.dll
0x00007ffb2fa40000 - 0x00007ffb2fb09000 	C:\WINDOWS\System32\KERNEL32.DLL
0x00007ffb2e220000 - 0x00007ffb2e613000 	C:\WINDOWS\System32\KERNELBASE.dll
0x00007ffb2dd50000 - 0x00007ffb2de9b000 	C:\WINDOWS\System32\ucrtbase.dll
0x00007ffb184f0000 - 0x00007ffb18509000 	C:\DevTool\jdk-17\bin\jli.dll
0x00007ffb27a00000 - 0x00007ffb27a1b000 	C:\DevTool\jdk-17\bin\VCRUNTIME140.dll
0x00007ffb302b0000 - 0x00007ffb30364000 	C:\WINDOWS\System32\ADVAPI32.dll
0x00007ffb2f470000 - 0x00007ffb2f519000 	C:\WINDOWS\System32\msvcrt.dll
0x00007ffb2f5e0000 - 0x00007ffb2f686000 	C:\WINDOWS\System32\sechost.dll
0x00007ffb30190000 - 0x00007ffb302a8000 	C:\WINDOWS\System32\RPCRT4.dll
0x00007ffb303d0000 - 0x00007ffb30594000 	C:\WINDOWS\System32\USER32.dll
0x00007ffb16c50000 - 0x00007ffb16ee3000 	C:\WINDOWS\WinSxS\amd64_microsoft.windows.common-controls_6595b64144ccf1df_6.0.26100.5074_none_3e0d6f78e32fd63f\COMCTL32.dll
0x00007ffb2e1f0000 - 0x00007ffb2e217000 	C:\WINDOWS\System32\win32u.dll
0x00007ffb30130000 - 0x00007ffb3015b000 	C:\WINDOWS\System32\GDI32.dll
0x00007ffb2e620000 - 0x00007ffb2e74d000 	C:\WINDOWS\System32\gdi32full.dll
0x00007ffb2e140000 - 0x00007ffb2e1e3000 	C:\WINDOWS\System32\msvcp_win.dll
0x00007ffb269f0000 - 0x00007ffb269fb000 	C:\WINDOWS\SYSTEM32\VERSION.dll
0x00007ffb2e8e0000 - 0x00007ffb2e90f000 	C:\WINDOWS\System32\IMM32.DLL
0x00007ffb279f0000 - 0x00007ffb279fc000 	C:\DevTool\jdk-17\bin\vcruntime140_1.dll
0x00007ffade200000 - 0x00007ffade28e000 	C:\DevTool\jdk-17\bin\msvcp140.dll
0x00007ffa71470000 - 0x00007ffa72050000 	C:\DevTool\jdk-17\bin\server\jvm.dll
0x00007ffb308d0000 - 0x00007ffb308d8000 	C:\WINDOWS\System32\PSAPI.DLL
0x00007ffafc0b0000 - 0x00007ffafc0ba000 	C:\WINDOWS\SYSTEM32\WSOCK32.dll
0x00007ffb1e440000 - 0x00007ffb1e475000 	C:\WINDOWS\SYSTEM32\WINMM.dll
0x00007ffb2ffb0000 - 0x00007ffb30024000 	C:\WINDOWS\System32\WS2_32.dll
0x00007ffb2ca30000 - 0x00007ffb2ca4b000 	C:\WINDOWS\SYSTEM32\kernel.appcore.dll
0x00007ffb17dc0000 - 0x00007ffb17dca000 	C:\DevTool\jdk-17\bin\jimage.dll
0x00007ffb1ba00000 - 0x00007ffb1bc42000 	C:\WINDOWS\SYSTEM32\DBGHELP.DLL
0x00007ffb2f6c0000 - 0x00007ffb2fa3b000 	C:\WINDOWS\System32\combase.dll
0x00007ffb30610000 - 0x00007ffb306e7000 	C:\WINDOWS\System32\OLEAUT32.dll
0x00007ffb122b0000 - 0x00007ffb122ed000 	C:\WINDOWS\SYSTEM32\dbgcore.DLL
0x00007ffb2dea0000 - 0x00007ffb2df39000 	C:\WINDOWS\System32\bcryptPrimitives.dll
0x00007ffb13860000 - 0x00007ffb1386e000 	C:\DevTool\jdk-17\bin\instrument.dll
0x00007ffae32b0000 - 0x00007ffae32d5000 	C:\DevTool\jdk-17\bin\java.dll
0x00007ffad2cf0000 - 0x00007ffad2dc7000 	C:\DevTool\jdk-17\bin\jsvml.dll
0x00007ffb2ed20000 - 0x00007ffb2f46d000 	C:\WINDOWS\System32\SHELL32.dll
0x00007ffb2df40000 - 0x00007ffb2e0ac000 	C:\WINDOWS\System32\wintypes.dll
0x00007ffb2b8d0000 - 0x00007ffb2c129000 	C:\WINDOWS\SYSTEM32\windows.storage.dll
0x00007ffb2ea80000 - 0x00007ffb2eb70000 	C:\WINDOWS\System32\SHCORE.dll
0x00007ffb305a0000 - 0x00007ffb30602000 	C:\WINDOWS\System32\shlwapi.dll
0x00007ffb2dbb0000 - 0x00007ffb2dbd9000 	C:\WINDOWS\SYSTEM32\profapi.dll
0x00007ffb10830000 - 0x00007ffb10848000 	C:\DevTool\jdk-17\bin\zip.dll
0x00007ffaf4340000 - 0x00007ffaf4359000 	C:\DevTool\jdk-17\bin\net.dll
0x00007ffb27830000 - 0x00007ffb2794f000 	C:\WINDOWS\SYSTEM32\WINHTTP.dll
0x00007ffb2cf90000 - 0x00007ffb2cffb000 	C:\WINDOWS\system32\mswsock.dll
0x00007ffaf1230000 - 0x00007ffaf1246000 	C:\DevTool\jdk-17\bin\nio.dll
0x00007ffb13850000 - 0x00007ffb13860000 	C:\DevTool\jdk-17\bin\verify.dll
0x00007ffaf2760000 - 0x00007ffaf2787000 	C:\Users\PC\.gradle\native\1def1411415f61bf3af743bc5b6707747c0891f09f0c88961ee8f79bc544acac\windows-amd64\native-platform.dll
0x00007ffade180000 - 0x00007ffade1f8000 	C:\Users\PC\.gradle\native\0.2.7\x86_64-windows-gnu\gradle-fileevents.dll
0x00007ffb12f30000 - 0x00007ffb12f3a000 	C:\DevTool\jdk-17\bin\management.dll
0x00007ffb12f10000 - 0x00007ffb12f1b000 	C:\DevTool\jdk-17\bin\management_ext.dll
0x00007ffb2c430000 - 0x00007ffb2c464000 	C:\WINDOWS\SYSTEM32\IPHLPAPI.DLL
0x00007ffb2e8d0000 - 0x00007ffb2e8da000 	C:\WINDOWS\System32\NSI.dll
0x00007ffb27ee0000 - 0x00007ffb27efe000 	C:\WINDOWS\SYSTEM32\dhcpcsvc6.DLL
0x00007ffb279b0000 - 0x00007ffb279d3000 	C:\WINDOWS\SYSTEM32\dhcpcsvc.DLL
0x00007ffb2c4c0000 - 0x00007ffb2c5e6000 	C:\WINDOWS\SYSTEM32\DNSAPI.dll
0x00007ffb2d360000 - 0x00007ffb2d37b000 	C:\WINDOWS\SYSTEM32\CRYPTSP.dll
0x00007ffb2c990000 - 0x00007ffb2c9cb000 	C:\WINDOWS\system32\rsaenh.dll
0x00007ffb2d030000 - 0x00007ffb2d05b000 	C:\WINDOWS\SYSTEM32\USERENV.dll
0x00007ffb2db80000 - 0x00007ffb2dba6000 	C:\WINDOWS\SYSTEM32\bcrypt.dll
0x00007ffb2d1c0000 - 0x00007ffb2d1cc000 	C:\WINDOWS\SYSTEM32\CRYPTBASE.dll
0x00007ffb050d0000 - 0x00007ffb050de000 	C:\DevTool\jdk-17\bin\sunmscapi.dll
0x00007ffb2e750000 - 0x00007ffb2e8c7000 	C:\WINDOWS\System32\CRYPT32.dll
0x00007ffb2d4b0000 - 0x00007ffb2d4e0000 	C:\WINDOWS\SYSTEM32\ncrypt.dll
0x00007ffb2d460000 - 0x00007ffb2d49f000 	C:\WINDOWS\SYSTEM32\NTASN1.dll
0x00007ffb26540000 - 0x00007ffb26548000 	C:\WINDOWS\system32\wshunix.dll

dbghelp: loaded successfully - version: 4.0.5 - missing functions: none
symbol engine: initialized successfully - sym options: 0x614 - pdb path: .;C:\DevTool\jdk-17\bin;C:\WINDOWS\SYSTEM32;C:\WINDOWS\WinSxS\amd64_microsoft.windows.common-controls_6595b64144ccf1df_6.0.26100.5074_none_3e0d6f78e32fd63f;C:\DevTool\jdk-17\bin\server;C:\Users\PC\.gradle\native\1def1411415f61bf3af743bc5b6707747c0891f09f0c88961ee8f79bc544acac\windows-amd64;C:\Users\PC\.gradle\native\0.2.7\x86_64-windows-gnu

VM Arguments:
jvm_args: --add-opens=java.base/java.lang=ALL-UNNAMED --add-opens=java.base/java.lang.invoke=ALL-UNNAMED --add-opens=java.base/java.util=ALL-UNNAMED --add-opens=java.prefs/java.util.prefs=ALL-UNNAMED --add-exports=jdk.compiler/com.sun.tools.javac.api=ALL-UNNAMED --add-exports=jdk.compiler/com.sun.tools.javac.util=ALL-UNNAMED --add-opens=java.base/java.util=ALL-UNNAMED --add-opens=java.prefs/java.util.prefs=ALL-UNNAMED --add-opens=java.base/java.nio.charset=ALL-UNNAMED --add-opens=java.base/java.net=ALL-UNNAMED --add-opens=java.base/java.util.concurrent.atomic=ALL-UNNAMED --add-opens=java.xml/javax.xml.namespace=ALL-UNNAMED -XX:MaxMetaspaceSize=384m -XX:+HeapDumpOnOutOfMemoryError -Xms256m -Xmx512m -Dfile.encoding=UTF-8 -Duser.country=KR -Duser.language=ko -Duser.variant -javaagent:C:\Users\PC\.gradle\wrapper\dists\gradle-8.14.3-bin\cv11ve7ro1n3o1j4so8xd9n66\gradle-8.14.3\lib\agents\gradle-instrumentation-agent-8.14.3.jar 
java_command: org.gradle.launcher.daemon.bootstrap.GradleDaemon 8.14.3
java_class_path (initial): C:\Users\PC\.gradle\wrapper\dists\gradle-8.14.3-bin\cv11ve7ro1n3o1j4so8xd9n66\gradle-8.14.3\lib\gradle-daemon-main-8.14.3.jar
Launcher Type: SUN_STANDARD

[Global flags]
     intx CICompilerCount                          = 4                                         {product} {ergonomic}
   size_t CompressedClassSpaceSize                 = 335544320                                 {product} {ergonomic}
     uint ConcGCThreads                            = 3                                         {product} {ergonomic}
     uint G1ConcRefinementThreads                  = 10                                        {product} {ergonomic}
   size_t G1HeapRegionSize                         = 1048576                                   {product} {ergonomic}
    uintx GCDrainStackTargetSize                   = 64                                        {product} {ergonomic}
     bool HeapDumpOnOutOfMemoryError               = true                                   {manageable} {command line}
   size_t InitialHeapSize                          = 268435456                                 {product} {command line}
   size_t MarkStackSize                            = 4194304                                   {product} {ergonomic}
   size_t MaxHeapSize                              = 536870912                                 {product} {command line}
   size_t MaxMetaspaceSize                         = 402653184                                 {product} {command line}
   size_t MaxNewSize                               = 321912832                                 {product} {ergonomic}
   size_t MinHeapDeltaBytes                        = 1048576                                   {product} {ergonomic}
   size_t MinHeapSize                              = 268435456                                 {product} {command line}
    uintx NonNMethodCodeHeapSize                   = 5839372                                {pd product} {ergonomic}
    uintx NonProfiledCodeHeapSize                  = 122909434                              {pd product} {ergonomic}
    uintx ProfiledCodeHeapSize                     = 122909434                              {pd product} {ergonomic}
    uintx ReservedCodeCacheSize                    = 251658240                              {pd product} {ergonomic}
     bool SegmentedCodeCache                       = true                                      {product} {ergonomic}
   size_t SoftMaxHeapSize                          = 536870912                              {manageable} {ergonomic}
     bool UseCompressedClassPointers               = true                           {product lp64_product} {ergonomic}
     bool UseCompressedOops                        = true                           {product lp64_product} {ergonomic}
     bool UseG1GC                                  = true                                      {product} {ergonomic}
     bool UseLargePagesIndividualAllocation        = false                                  {pd product} {ergonomic}

Logging:
Log output configuration:
 #0: stdout all=warning uptime,level,tags
 #1: stderr all=off uptime,level,tags

Environment Variables:
JAVA_HOME=C:\DevTool\jdk-17
PATH=C:\oraclexe\app\oracle\product\11.2.0\server\bin;;%JAVA_HOME%\bin;C:\Program Files\Common Files\Oracle\Java\javapath;C:\WINDOWS\system32;C:\WINDOWS;C:\WINDOWS\System32\Wbem;C:\WINDOWS\System32\WindowsPowerShell\v1.0\;C:\WINDOWS\System32\OpenSSH\;C:\Program Files\dotnet\;C:\Program Files (x86)\NVIDIA Corporation\PhysX\Common;C:\Program Files\Bandizip\;C:\DevTool\Python 3.11;C:\Program Files\nodejs\;C:\Program Files\NVIDIA Corporation\NVIDIA app\NvDLISR;C:\Program Files\MariaDB 11.4\bin;C:\Program Files\Git\cmd;C:\DevTool\jdk-11.0.22\bin;C:\Users\PC\AppData\Local\Programs\Python\Python311\Scripts\;C:\Users\PC\AppData\Local\Programs\Python\Python311\;C:\Users\PC\AppData\Local\Microsoft\WindowsApps;;C:\Users\PC\AppData\Local\SOOP;C:\Users\PC\AppData\Roaming\npm;C:\Users\PC\AppData\Local\Muse Hub\lib;C:\Program Files\JetBrains\IntelliJ IDEA 2025.1\bin;;C:\Program Files\JetBrains\IntelliJ IDEA Community Edition 2024.3.2.1\bin;;C:\Users\PC\AppData\Local\Programs\Microsoft VS Code\bin;C:\Users\PC\AppData\Local\Programs\Antigravity\bin
USERNAME=PC
OS=Windows_NT
PROCESSOR_IDENTIFIER=Intel64 Family 6 Model 151 Stepping 5, GenuineIntel



---------------  S Y S T E M  ---------------

OS:
 Windows 11 , 64 bit Build 26100 (10.0.26100.5074)
OS uptime: 0 days 12:16 hours
Hyper-V role detected

CPU: total 12 (initial active 12) (6 cores per cpu, 2 threads per core) family 6 model 151 stepping 5 microcode 0x2c, cx8, cmov, fxsr, ht, mmx, 3dnowpref, sse, sse2, sse3, ssse3, sse4.1, sse4.2, popcnt, lzcnt, tsc, tscinvbit, avx, avx2, aes, erms, clmul, bmi1, bmi2, adx, sha, fma, vzeroupper, clflush, clflushopt, clwb, hv

Memory: 4k page, system-wide physical 32581M (13333M free)
TotalPageFile size 34629M (AvailPageFile size 1832M)
current process WorkingSet (physical memory assigned to process): 403M, peak: 504M
current process commit charge ("private bytes"): 603M, peak: 613M

vm_info: Java HotSpot(TM) 64-Bit Server VM (17.0.12+8-LTS-286) for windows-amd64 JRE (17.0.12+8-LTS-286), built on Jun  5 2024 06:46:59 by "mach5one" with MS VC++ 17.6 (VS2022)

END.
